
*** Running vivado
    with args -log blk_mem_gen_0.vds -m64 -product Vivado -mode batch -messageDb vivado.pb -notrace -source blk_mem_gen_0.tcl


****** Vivado v2017.3 (64-bit)
  **** SW Build 2018833 on Wed Oct  4 19:58:22 MDT 2017
  **** IP Build 2016188 on Wed Oct  4 21:52:56 MDT 2017
    ** Copyright 1986-2017 Xilinx, Inc. All Rights Reserved.

source blk_mem_gen_0.tcl -notrace
Starting RTL Elaboration : Time (s): cpu = 00:00:04 ; elapsed = 00:00:04 . Memory (MB): peak = 403.746 ; gain = 95.309
INFO: [Synth 8-638] synthesizing module 'blk_mem_gen_0' [c:/Jeonghyun/GIT/AD9910_CODE/Verilog17/AD9910_V2_2/AD9910_V2_2.srcs/sources_1/ip/blk_mem_gen_0/synth/blk_mem_gen_0.vhd:69]
INFO: [Synth 8-256] done synthesizing module 'blk_mem_gen_0' (9#1) [c:/Jeonghyun/GIT/AD9910_CODE/Verilog17/AD9910_V2_2/AD9910_V2_2.srcs/sources_1/ip/blk_mem_gen_0/synth/blk_mem_gen_0.vhd:69]
Finished RTL Elaboration : Time (s): cpu = 00:00:48 ; elapsed = 00:00:48 . Memory (MB): peak = 613.309 ; gain = 304.871
Finished RTL Optimization Phase 1 : Time (s): cpu = 00:00:48 ; elapsed = 00:00:49 . Memory (MB): peak = 613.309 ; gain = 304.871
INFO: [Device 21-403] Loading part xc7s50csga324-1
Constraint Validation Runtime : Time (s): cpu = 00:00:00 ; elapsed = 00:00:00.008 . Memory (MB): peak = 686.762 ; gain = 0.000
Finished Constraint Validation : Time (s): cpu = 00:00:54 ; elapsed = 00:00:55 . Memory (MB): peak = 686.762 ; gain = 378.324
Finished Loading Part and Timing Information : Time (s): cpu = 00:00:54 ; elapsed = 00:00:55 . Memory (MB): peak = 686.762 ; gain = 378.324
Finished applying 'set_property' XDC Constraints : Time (s): cpu = 00:00:54 ; elapsed = 00:00:55 . Memory (MB): peak = 686.762 ; gain = 378.324
Finished RTL Optimization Phase 2 : Time (s): cpu = 00:00:54 ; elapsed = 00:00:55 . Memory (MB): peak = 686.762 ; gain = 378.324
Finished Cross Boundary and Area Optimization : Time (s): cpu = 00:00:55 ; elapsed = 00:00:55 . Memory (MB): peak = 686.762 ; gain = 378.324
Finished Applying XDC Timing Constraints : Time (s): cpu = 00:01:00 ; elapsed = 00:01:01 . Memory (MB): peak = 699.133 ; gain = 390.695
Finished Timing Optimization : Time (s): cpu = 00:01:00 ; elapsed = 00:01:01 . Memory (MB): peak = 699.133 ; gain = 390.695
Finished Technology Mapping : Time (s): cpu = 00:01:00 ; elapsed = 00:01:01 . Memory (MB): peak = 710.277 ; gain = 401.840
Finished IO Insertion : Time (s): cpu = 00:01:01 ; elapsed = 00:01:01 . Memory (MB): peak = 710.277 ; gain = 401.840
Finished Renaming Generated Instances : Time (s): cpu = 00:01:01 ; elapsed = 00:01:01 . Memory (MB): peak = 710.277 ; gain = 401.840
Finished Rebuilding User Hierarchy : Time (s): cpu = 00:01:01 ; elapsed = 00:01:01 . Memory (MB): peak = 710.277 ; gain = 401.840
Finished Renaming Generated Ports : Time (s): cpu = 00:01:01 ; elapsed = 00:01:01 . Memory (MB): peak = 710.277 ; gain = 401.840
Finished Handling Custom Attributes : Time (s): cpu = 00:01:01 ; elapsed = 00:01:01 . Memory (MB): peak = 710.277 ; gain = 401.840
Finished Renaming Generated Nets : Time (s): cpu = 00:01:01 ; elapsed = 00:01:01 . Memory (MB): peak = 710.277 ; gain = 401.840

Report Cell Usage: 
+------+---------+------+
|      |Cell     |Count |
+------+---------+------+
|1     |RAMB36E1 |     4|
+------+---------+------+
Finished Writing Synthesis Report : Time (s): cpu = 00:01:01 ; elapsed = 00:01:01 . Memory (MB): peak = 710.277 ; gain = 401.840
synth_design: Time (s): cpu = 00:01:01 ; elapsed = 00:01:02 . Memory (MB): peak = 721.797 ; gain = 419.488
