Vivado Simulator 2017.3
Time resolution is 1 ps
Note: Actual FIFO Depth = 513
Time: 0 ps  Iteration: 0
Note: Actual FIFO Depth = 513
Time: 0 ps  Iteration: 0
Note:  DEPTH = 512 WIDTH = 72 C_RD_PRIM_WIDTH = 72 C_RD_PRIM_DEPTH = 512 DEEP = 1 WIDE = 2
Time: 0 ps  Iteration: 0
Note: Actual FIFO Depth = 513
Time: 0 ps  Iteration: 0
Note: Actual FIFO Depth = 513
Time: 0 ps  Iteration: 0
Note:  DEPTH = 512 WIDTH = 72 C_RD_PRIM_WIDTH = 72 C_RD_PRIM_DEPTH = 512 DEEP = 1 WIDE = 2
Time: 0 ps  Iteration: 0
Note: Actual FIFO Depth = 8193
Time: 0 ps  Iteration: 0
Note: Actual FIFO Depth = 8193
Time: 0 ps  Iteration: 0
Note:  DEPTH = 8192 WIDTH = 4 C_RD_PRIM_WIDTH = 4 C_RD_PRIM_DEPTH = 8192 DEEP = 1 WIDE = 2
Time: 0 ps  Iteration: 0
