(---------------------------------------------------------------------)
(                                                                     )
(    Cadence Artwork Import                                           )
(                                                                     )
(    Drawing          : 7.brd                                         )
(    Software Version : 23.1P001                                      )
(    Date/Time        : Tue Nov 28 17:27:11 2023                      )
(                                                                     )
(---------------------------------------------------------------------)


Tue Nov 28 17:27:11 2023				Page     1


Processing photoplot file C:/Jeonghyun/GIT/RFSoC_FrontEnd/Documents/xilinx/zcu~
111-gerber-files-rdf0468/1280976_HW_Z1_ZCU111_REV-1_0_ASSEMEBLY-DATA/1280976_H~
W_Z1_ZCU111_REV-1_0_L20_SILK_BOT.art ...
Adding the film data on ETCH/TOP.
WARNING(SPMHAW-126): Coordinates have been rounded off.
DRC errors detected.
DRC errors detected.
DRC errors detected.
DRC errors detected.
DRC errors detected.
DRC errors detected.
DRC errors detected.
DRC errors detected.
DRC errors detected.
DRC errors detected.
DRC errors detected.
DRC errors detected.
DRC errors detected.
DRC errors detected.
DRC errors detected.
DRC errors detected.
DRC errors detected.
DRC errors detected.
DRC errors detected.
DRC errors detected.
DRC errors detected.
DRC errors detected.
DRC errors detected.
DRC errors detected.
DRC errors detected.
DRC errors detected.
DRC errors detected.
DRC errors detected.
DRC errors detected.
DRC errors detected.
DRC errors detected.
DRC errors detected.
DRC errors detected.
DRC errors detected.
DRC errors detected.
DRC errors detected.
DRC errors detected.
DRC errors detected.
DRC errors detected.
DRC errors detected.
DRC errors detected.
DRC errors detected.
DRC errors detected.
DRC errors detected.
Load Photoplot complete.
