Copyright 1986-2017 Xilinx, Inc. All Rights Reserved.
-----------------------------------------------------------------------------------------------------------------------------------
| Tool Version : Vivado v.2017.3 (win64) Build 2018833 Wed Oct  4 19:58:22 MDT 2017
| Date         : Mon Jan 16 16:52:09 2023
| Host         : LAPTOP-ETOV1IS0 running 64-bit major release  (build 9200)
| Command      : report_timing_summary -file main_timing_summary_routed.rpt -warn_on_violation -rpx main_timing_summary_routed.rpx
| Design       : main
| Device       : 7s50-csga324
| Speed File   : -1  PRODUCTION 1.19 2017-08-24
-----------------------------------------------------------------------------------------------------------------------------------

Timing Summary Report

------------------------------------------------------------------------------------------------
| Timer Settings
| --------------
------------------------------------------------------------------------------------------------

  Enable Multi Corner Analysis               :  Yes
  Enable Pessimism Removal                   :  Yes
  Pessimism Removal Resolution               :  Nearest Common Node
  Enable Input Delay Default Clock           :  No
  Enable Preset / Clear Arcs                 :  No
  Disable Flight Delays                      :  No
  Ignore I/O Paths                           :  No
  Timing Early Launch at Borrowing Latches   :  false

  Corner  Analyze    Analyze    
  Name    Max Paths  Min Paths  
  ------  ---------  ---------  
  Slow    Yes        Yes        
  Fast    Yes        Yes        



check_timing report

Table of Contents
-----------------
1. checking no_clock
2. checking constant_clock
3. checking pulse_width_clock
4. checking unconstrained_internal_endpoints
5. checking no_input_delay
6. checking no_output_delay
7. checking multiple_clock
8. checking generated_clocks
9. checking loops
10. checking partial_input_delay
11. checking partial_output_delay
12. checking latch_loops

1. checking no_clock
--------------------
 There are 0 register/latch pins with no clock.


2. checking constant_clock
--------------------------
 There are 0 register/latch pins with constant_clock.


3. checking pulse_width_clock
-----------------------------
 There are 0 register/latch pins which need pulse_width check


4. checking unconstrained_internal_endpoints
--------------------------------------------
 There are 0 pins that are not constrained for maximum delay.

 There are 0 pins that are not constrained for maximum delay due to constant clock.


5. checking no_input_delay
--------------------------
 There are 3 input ports with no input delay specified. (HIGH)

 There are 0 input ports with no input delay but user has a false path constraint.


6. checking no_output_delay
---------------------------
 There are 43 ports with no output delay specified. (HIGH)

 There are 0 ports with no output delay but user has a false path constraint

 There are 0 ports with no output delay but with a timing clock defined on it or propagating through it


7. checking multiple_clock
--------------------------
 There are 0 register/latch pins with multiple clocks.


8. checking generated_clocks
----------------------------
 There are 0 generated clocks that are not connected to a clock source.


9. checking loops
-----------------
 There are 0 combinational loops in the design.


10. checking partial_input_delay
--------------------------------
 There are 0 input ports with partial input delay specified.


11. checking partial_output_delay
---------------------------------
 There are 0 ports with partial output delay specified.


12. checking latch_loops
------------------------
 There are 0 combinational latch loops in the design through latch input



------------------------------------------------------------------------------------------------
| Design Timing Summary
| ---------------------
------------------------------------------------------------------------------------------------

    WNS(ns)      TNS(ns)  TNS Failing Endpoints  TNS Total Endpoints      WHS(ns)      THS(ns)  THS Failing Endpoints  THS Total Endpoints     WPWS(ns)     TPWS(ns)  TPWS Failing Endpoints  TPWS Total Endpoints  
    -------      -------  ---------------------  -------------------      -------      -------  ---------------------  -------------------     --------     --------  ----------------------  --------------------  
     -1.175      -49.089                    139                20075        0.015        0.000                      0                20075        0.000        0.000                       0                 13014  


Timing constraints are not met.


------------------------------------------------------------------------------------------------
| Clock Summary
| -------------
------------------------------------------------------------------------------------------------

Clock        Waveform(ns)       Period(ns)      Frequency(MHz)
-----        ------------       ----------      --------------
sys_clk_pin  {0.000 5.000}      10.000          100.000         


------------------------------------------------------------------------------------------------
| Intra Clock Table
| -----------------
------------------------------------------------------------------------------------------------

Clock             WNS(ns)      TNS(ns)  TNS Failing Endpoints  TNS Total Endpoints      WHS(ns)      THS(ns)  THS Failing Endpoints  THS Total Endpoints     WPWS(ns)     TPWS(ns)  TPWS Failing Endpoints  TPWS Total Endpoints  
-----             -------      -------  ---------------------  -------------------      -------      -------  ---------------------  -------------------     --------     --------  ----------------------  --------------------  
sys_clk_pin        -1.175      -49.089                    139                20072        0.015        0.000                      0                20072        0.000        0.000                       0                 13014  


------------------------------------------------------------------------------------------------
| Inter Clock Table
| -----------------
------------------------------------------------------------------------------------------------

From Clock    To Clock          WNS(ns)      TNS(ns)  TNS Failing Endpoints  TNS Total Endpoints      WHS(ns)      THS(ns)  THS Failing Endpoints  THS Total Endpoints  
----------    --------          -------      -------  ---------------------  -------------------      -------      -------  ---------------------  -------------------  


------------------------------------------------------------------------------------------------
| Other Path Groups Table
| -----------------------
------------------------------------------------------------------------------------------------

Path Group         From Clock         To Clock               WNS(ns)      TNS(ns)  TNS Failing Endpoints  TNS Total Endpoints      WHS(ns)      THS(ns)  THS Failing Endpoints  THS Total Endpoints  
----------         ----------         --------               -------      -------  ---------------------  -------------------      -------      -------  ---------------------  -------------------  
**async_default**  sys_clk_pin        sys_clk_pin              8.318        0.000                      0                    3        0.449        0.000                      0                    3  


------------------------------------------------------------------------------------------------
| Timing Details
| --------------
------------------------------------------------------------------------------------------------


---------------------------------------------------------------------------------------------------
From Clock:  sys_clk_pin
  To Clock:  sys_clk_pin

Setup :          139  Failing Endpoints,  Worst Slack       -1.175ns,  Total Violation      -49.089ns
Hold  :            0  Failing Endpoints,  Worst Slack        0.015ns,  Total Violation        0.000ns
PW    :            0  Failing Endpoints,  Worst Slack        0.000ns,  Total Violation        0.000ns
---------------------------------------------------------------------------------------------------


Max Delay Paths
--------------------------------------------------------------------------------------
Slack (VIOLATED) :        -1.175ns  (required time - arrival time)
  Source:                 device_DNA_inst/DNA_PORT_read_reg/C
                            (falling edge-triggered cell FDRE clocked by sys_clk_pin  {rise@0.000ns fall@5.000ns period=10.000ns})
  Destination:            device_DNA_inst/DNA_PORT_inst/READ
                            (rising edge-triggered cell DNA_PORT clocked by sys_clk_pin  {rise@0.000ns fall@5.000ns period=10.000ns})
  Path Group:             sys_clk_pin
  Path Type:              Setup (Max at Slow Process Corner)
  Requirement:            5.000ns  (sys_clk_pin rise@10.000ns - sys_clk_pin fall@5.000ns)
  Data Path Delay:        0.798ns  (logic 0.459ns (57.551%)  route 0.339ns (42.449%))
  Logic Levels:           0  
  Clock Path Skew:        0.014ns (DCD - SCD + CPR)
    Destination Clock Delay (DCD):    4.253ns = ( 14.253 - 10.000 ) 
    Source Clock Delay      (SCD):    4.483ns = ( 9.483 - 5.000 ) 
    Clock Pessimism Removal (CPR):    0.244ns
  Clock Uncertainty:      0.035ns  ((TSJ^2 + TIJ^2)^1/2 + DJ) / 2 + PE
    Total System Jitter     (TSJ):    0.071ns
    Total Input Jitter      (TIJ):    0.000ns
    Discrete Jitter          (DJ):    0.000ns
    Phase Error              (PE):    0.000ns

    Location             Delay type                Incr(ns)  Path(ns)    Netlist Resource(s)
  -------------------------------------------------------------------    -------------------
                         (clock sys_clk_pin fall edge)
                                                      5.000     5.000 f  
    R2                                                0.000     5.000 f  CLK100MHZ (IN)
                         net (fo=0)                   0.000     5.000    CLK100MHZ
    R2                   IBUF (Prop_ibuf_I_O)         0.854     5.854 f  CLK100MHZ_IBUF_inst/O
                         net (fo=1, routed)           1.967     7.821    CLK100MHZ_IBUF
    BUFGCTRL_X0Y0        BUFG (Prop_bufg_I_O)         0.096     7.917 f  CLK100MHZ_IBUF_BUFG_inst/O
                         net (fo=13013, routed)       1.566     9.483    device_DNA_inst/CLK100MHZ_IBUF_BUFG
    SLICE_X29Y45         FDRE                                         r  device_DNA_inst/DNA_PORT_read_reg/C  (IS_INVERTED)
  -------------------------------------------------------------------    -------------------
    SLICE_X29Y45         FDRE (Prop_fdre_C_Q)         0.459     9.942 r  device_DNA_inst/DNA_PORT_read_reg/Q
                         net (fo=2, routed)           0.339    10.281    device_DNA_inst/DNA_PORT_read
    DNA_PORT_X0Y0        DNA_PORT                                     r  device_DNA_inst/DNA_PORT_inst/READ
  -------------------------------------------------------------------    -------------------

                         (clock sys_clk_pin rise edge)
                                                     10.000    10.000 r  
    R2                                                0.000    10.000 r  CLK100MHZ (IN)
                         net (fo=0)                   0.000    10.000    CLK100MHZ
    R2                   IBUF (Prop_ibuf_I_O)         0.814    10.814 r  CLK100MHZ_IBUF_inst/O
                         net (fo=1, routed)           1.862    12.676    CLK100MHZ_IBUF
    BUFGCTRL_X0Y0        BUFG (Prop_bufg_I_O)         0.091    12.767 r  CLK100MHZ_IBUF_BUFG_inst/O
                         net (fo=13013, routed)       1.486    14.253    device_DNA_inst/CLK100MHZ_IBUF_BUFG
    DNA_PORT_X0Y0        DNA_PORT                                     r  device_DNA_inst/DNA_PORT_inst/CLK
                         clock pessimism              0.244    14.497    
                         clock uncertainty           -0.035    14.462    
    DNA_PORT_X0Y0        DNA_PORT (Setup_dna_port_CLK_READ)
                                                     -5.356     9.106    device_DNA_inst/DNA_PORT_inst
  -------------------------------------------------------------------
                         required time                          9.106    
                         arrival time                         -10.281    
  -------------------------------------------------------------------
                         slack                                 -1.175    





Min Delay Paths
--------------------------------------------------------------------------------------
Slack (MET) :             0.015ns  (arrival time - required time)
  Source:                 receiver/BTF_Buffer_reg[397]/C
                            (rising edge-triggered cell FDRE clocked by sys_clk_pin  {rise@0.000ns fall@5.000ns period=10.000ns})
  Destination:            BTF_capture_reg[398]/D
                            (rising edge-triggered cell FDRE clocked by sys_clk_pin  {rise@0.000ns fall@5.000ns period=10.000ns})
  Path Group:             sys_clk_pin
  Path Type:              Hold (Min at Fast Process Corner)
  Requirement:            0.000ns  (sys_clk_pin rise@0.000ns - sys_clk_pin rise@0.000ns)
  Data Path Delay:        0.318ns  (logic 0.186ns (58.557%)  route 0.132ns (41.443%))
  Logic Levels:           1  (LUT6=1)
  Clock Path Skew:        0.182ns (DCD - SCD - CPR)
    Destination Clock Delay (DCD):    1.926ns
    Source Clock Delay      (SCD):    1.652ns
    Clock Pessimism Removal (CPR):    0.092ns

    Location             Delay type                Incr(ns)  Path(ns)    Netlist Resource(s)
  -------------------------------------------------------------------    -------------------
                         (clock sys_clk_pin rise edge)
                                                      0.000     0.000 r  
    R2                                                0.000     0.000 r  CLK100MHZ (IN)
                         net (fo=0)                   0.000     0.000    CLK100MHZ
    R2                   IBUF (Prop_ibuf_I_O)         0.320     0.320 r  CLK100MHZ_IBUF_inst/O
                         net (fo=1, routed)           0.631     0.951    CLK100MHZ_IBUF
    BUFGCTRL_X0Y0        BUFG (Prop_bufg_I_O)         0.026     0.977 r  CLK100MHZ_IBUF_BUFG_inst/O
                         net (fo=13013, routed)       0.675     1.652    receiver/CLK100MHZ_IBUF_BUFG
    SLICE_X5Y100         FDRE                                         r  receiver/BTF_Buffer_reg[397]/C
  -------------------------------------------------------------------    -------------------
    SLICE_X5Y100         FDRE (Prop_fdre_C_Q)         0.141     1.793 r  receiver/BTF_Buffer_reg[397]/Q
                         net (fo=1, routed)           0.132     1.924    receiver/BTF_Buffer_reg_n_0_[397]
    SLICE_X6Y99          LUT6 (Prop_lut6_I2_O)        0.045     1.969 r  receiver/BTF_capture[398]_i_1/O
                         net (fo=1, routed)           0.000     1.969    receiver_n_2198
    SLICE_X6Y99          FDRE                                         r  BTF_capture_reg[398]/D
  -------------------------------------------------------------------    -------------------

                         (clock sys_clk_pin rise edge)
                                                      0.000     0.000 r  
    R2                                                0.000     0.000 r  CLK100MHZ (IN)
                         net (fo=0)                   0.000     0.000    CLK100MHZ
    R2                   IBUF (Prop_ibuf_I_O)         0.350     0.350 r  CLK100MHZ_IBUF_inst/O
                         net (fo=1, routed)           0.685     1.035    CLK100MHZ_IBUF
    BUFGCTRL_X0Y0        BUFG (Prop_bufg_I_O)         0.029     1.064 r  CLK100MHZ_IBUF_BUFG_inst/O
                         net (fo=13013, routed)       0.863     1.926    CLK100MHZ_IBUF_BUFG
    SLICE_X6Y99          FDRE                                         r  BTF_capture_reg[398]/C
                         clock pessimism             -0.092     1.834    
    SLICE_X6Y99          FDRE (Hold_fdre_C_D)         0.120     1.954    BTF_capture_reg[398]
  -------------------------------------------------------------------
                         required time                         -1.954    
                         arrival time                           1.969    
  -------------------------------------------------------------------
                         slack                                  0.015    





Pulse Width Checks
--------------------------------------------------------------------------------------
Clock Name:         sys_clk_pin
Waveform(ns):       { 0.000 5.000 }
Period(ns):         10.000
Sources:            { CLK100MHZ }

Check Type        Corner  Lib Pin       Reference Pin  Required(ns)  Actual(ns)  Slack(ns)  Location       Pin
Min Period        n/a     DNA_PORT/CLK  n/a            10.000        10.000      0.000      DNA_PORT_X0Y0  device_DNA_inst/DNA_PORT_inst/CLK
Low Pulse Width   Fast    SRL16E/CLK    n/a            0.980         5.000       4.020      SLICE_X14Y72   sender/transmitter_FIFO/U0/inst_fifo_gen/gconvfifo.rf/gbi.bi/g7ser_birst.rstbt/rsync.rcc.wr_rst_fb_reg[1]_srl4/CLK
High Pulse Width  Slow    SRL16E/CLK    n/a            0.980         5.000       4.020      SLICE_X46Y48   AD9910_driver_0/rti_core_prime_0/rti_core_FIFO/U0/inst_fifo_gen/gconvfifo.rf/gbi.bi/g7ser_birst.rstbt/rsync.rcc.wr_rst_fb_reg[1]_srl4/CLK



---------------------------------------------------------------------------------------------------
Path Group:  **async_default**
From Clock:  sys_clk_pin
  To Clock:  sys_clk_pin

Setup :            0  Failing Endpoints,  Worst Slack        8.318ns,  Total Violation        0.000ns
Hold  :            0  Failing Endpoints,  Worst Slack        0.449ns,  Total Violation        0.000ns
---------------------------------------------------------------------------------------------------


Max Delay Paths
--------------------------------------------------------------------------------------
Slack (MET) :             8.318ns  (required time - arrival time)
  Source:                 AD9910_driver_0/rti_core_prime_0/rti_core_FIFO/U0/inst_fifo_gen/gconvfifo.rf/gbi.bi/g7ser_birst.rstbt/rsync.rcc.wr_rst_reg2_reg/C
                            (rising edge-triggered cell FDPE clocked by sys_clk_pin  {rise@0.000ns fall@5.000ns period=10.000ns})
  Destination:            AD9910_driver_0/rti_core_prime_0/rti_core_FIFO/U0/inst_fifo_gen/gconvfifo.rf/gbi.bi/g7ser_birst.rstbt/rsync.rcc.wr_rst_reg_reg/PRE
                            (recovery check against rising-edge clock sys_clk_pin  {rise@0.000ns fall@5.000ns period=10.000ns})
  Path Group:             **async_default**
  Path Type:              Recovery (Max at Slow Process Corner)
  Requirement:            10.000ns  (sys_clk_pin rise@10.000ns - sys_clk_pin rise@0.000ns)
  Data Path Delay:        1.071ns  (logic 0.478ns (44.622%)  route 0.593ns (55.378%))
  Logic Levels:           0  
  Clock Path Skew:        -0.043ns (DCD - SCD + CPR)
    Destination Clock Delay (DCD):    4.217ns = ( 14.217 - 10.000 ) 
    Source Clock Delay      (SCD):    4.489ns
    Clock Pessimism Removal (CPR):    0.230ns
  Clock Uncertainty:      0.035ns  ((TSJ^2 + TIJ^2)^1/2 + DJ) / 2 + PE
    Total System Jitter     (TSJ):    0.071ns
    Total Input Jitter      (TIJ):    0.000ns
    Discrete Jitter          (DJ):    0.000ns
    Phase Error              (PE):    0.000ns

    Location             Delay type                Incr(ns)  Path(ns)    Netlist Resource(s)
  -------------------------------------------------------------------    -------------------
                         (clock sys_clk_pin rise edge)
                                                      0.000     0.000 r  
    R2                                                0.000     0.000 r  CLK100MHZ (IN)
                         net (fo=0)                   0.000     0.000    CLK100MHZ
    R2                   IBUF (Prop_ibuf_I_O)         0.854     0.854 r  CLK100MHZ_IBUF_inst/O
                         net (fo=1, routed)           1.967     2.821    CLK100MHZ_IBUF
    BUFGCTRL_X0Y0        BUFG (Prop_bufg_I_O)         0.096     2.917 r  CLK100MHZ_IBUF_BUFG_inst/O
                         net (fo=13013, routed)       1.572     4.489    AD9910_driver_0/rti_core_prime_0/rti_core_FIFO/U0/inst_fifo_gen/gconvfifo.rf/gbi.bi/g7ser_birst.rstbt/clk
    SLICE_X50Y49         FDPE                                         r  AD9910_driver_0/rti_core_prime_0/rti_core_FIFO/U0/inst_fifo_gen/gconvfifo.rf/gbi.bi/g7ser_birst.rstbt/rsync.rcc.wr_rst_reg2_reg/C
  -------------------------------------------------------------------    -------------------
    SLICE_X50Y49         FDPE (Prop_fdpe_C_Q)         0.478     4.967 f  AD9910_driver_0/rti_core_prime_0/rti_core_FIFO/U0/inst_fifo_gen/gconvfifo.rf/gbi.bi/g7ser_birst.rstbt/rsync.rcc.wr_rst_reg2_reg/Q
                         net (fo=1, routed)           0.593     5.560    AD9910_driver_0/rti_core_prime_0/rti_core_FIFO/U0/inst_fifo_gen/gconvfifo.rf/gbi.bi/g7ser_birst.rstbt/wr_rst_reg2
    SLICE_X46Y49         FDPE                                         f  AD9910_driver_0/rti_core_prime_0/rti_core_FIFO/U0/inst_fifo_gen/gconvfifo.rf/gbi.bi/g7ser_birst.rstbt/rsync.rcc.wr_rst_reg_reg/PRE
  -------------------------------------------------------------------    -------------------

                         (clock sys_clk_pin rise edge)
                                                     10.000    10.000 r  
    R2                                                0.000    10.000 r  CLK100MHZ (IN)
                         net (fo=0)                   0.000    10.000    CLK100MHZ
    R2                   IBUF (Prop_ibuf_I_O)         0.814    10.814 r  CLK100MHZ_IBUF_inst/O
                         net (fo=1, routed)           1.862    12.676    CLK100MHZ_IBUF
    BUFGCTRL_X0Y0        BUFG (Prop_bufg_I_O)         0.091    12.767 r  CLK100MHZ_IBUF_BUFG_inst/O
                         net (fo=13013, routed)       1.449    14.217    AD9910_driver_0/rti_core_prime_0/rti_core_FIFO/U0/inst_fifo_gen/gconvfifo.rf/gbi.bi/g7ser_birst.rstbt/clk
    SLICE_X46Y49         FDPE                                         r  AD9910_driver_0/rti_core_prime_0/rti_core_FIFO/U0/inst_fifo_gen/gconvfifo.rf/gbi.bi/g7ser_birst.rstbt/rsync.rcc.wr_rst_reg_reg/C
                         clock pessimism              0.230    14.446    
                         clock uncertainty           -0.035    14.411    
    SLICE_X46Y49         FDPE (Recov_fdpe_C_PRE)     -0.532    13.879    AD9910_driver_0/rti_core_prime_0/rti_core_FIFO/U0/inst_fifo_gen/gconvfifo.rf/gbi.bi/g7ser_birst.rstbt/rsync.rcc.wr_rst_reg_reg
  -------------------------------------------------------------------
                         required time                         13.879    
                         arrival time                          -5.560    
  -------------------------------------------------------------------
                         slack                                  8.318    





Min Delay Paths
--------------------------------------------------------------------------------------
Slack (MET) :             0.449ns  (arrival time - required time)
  Source:                 sender/transmitter_FIFO/U0/inst_fifo_gen/gconvfifo.rf/gbi.bi/g7ser_birst.rstbt/rsync.rcc.wr_rst_reg2_reg/C
                            (rising edge-triggered cell FDPE clocked by sys_clk_pin  {rise@0.000ns fall@5.000ns period=10.000ns})
  Destination:            sender/transmitter_FIFO/U0/inst_fifo_gen/gconvfifo.rf/gbi.bi/g7ser_birst.rstbt/rsync.rcc.wr_rst_reg_reg/PRE
                            (removal check against rising-edge clock sys_clk_pin  {rise@0.000ns fall@5.000ns period=10.000ns})
  Path Group:             **async_default**
  Path Type:              Removal (Min at Fast Process Corner)
  Requirement:            0.000ns  (sys_clk_pin rise@0.000ns - sys_clk_pin rise@0.000ns)
  Data Path Delay:        0.310ns  (logic 0.128ns (41.252%)  route 0.182ns (58.748%))
  Logic Levels:           0  
  Clock Path Skew:        0.010ns (DCD - SCD - CPR)
    Destination Clock Delay (DCD):    1.881ns
    Source Clock Delay      (SCD):    1.530ns
    Clock Pessimism Removal (CPR):    0.341ns

    Location             Delay type                Incr(ns)  Path(ns)    Netlist Resource(s)
  -------------------------------------------------------------------    -------------------
                         (clock sys_clk_pin rise edge)
                                                      0.000     0.000 r  
    R2                                                0.000     0.000 r  CLK100MHZ (IN)
                         net (fo=0)                   0.000     0.000    CLK100MHZ
    R2                   IBUF (Prop_ibuf_I_O)         0.320     0.320 r  CLK100MHZ_IBUF_inst/O
                         net (fo=1, routed)           0.631     0.951    CLK100MHZ_IBUF
    BUFGCTRL_X0Y0        BUFG (Prop_bufg_I_O)         0.026     0.977 r  CLK100MHZ_IBUF_BUFG_inst/O
                         net (fo=13013, routed)       0.554     1.530    sender/transmitter_FIFO/U0/inst_fifo_gen/gconvfifo.rf/gbi.bi/g7ser_birst.rstbt/clk
    SLICE_X15Y77         FDPE                                         r  sender/transmitter_FIFO/U0/inst_fifo_gen/gconvfifo.rf/gbi.bi/g7ser_birst.rstbt/rsync.rcc.wr_rst_reg2_reg/C
  -------------------------------------------------------------------    -------------------
    SLICE_X15Y77         FDPE (Prop_fdpe_C_Q)         0.128     1.658 f  sender/transmitter_FIFO/U0/inst_fifo_gen/gconvfifo.rf/gbi.bi/g7ser_birst.rstbt/rsync.rcc.wr_rst_reg2_reg/Q
                         net (fo=1, routed)           0.182     1.841    sender/transmitter_FIFO/U0/inst_fifo_gen/gconvfifo.rf/gbi.bi/g7ser_birst.rstbt/wr_rst_reg2
    SLICE_X15Y75         FDPE                                         f  sender/transmitter_FIFO/U0/inst_fifo_gen/gconvfifo.rf/gbi.bi/g7ser_birst.rstbt/rsync.rcc.wr_rst_reg_reg/PRE
  -------------------------------------------------------------------    -------------------

                         (clock sys_clk_pin rise edge)
                                                      0.000     0.000 r  
    R2                                                0.000     0.000 r  CLK100MHZ (IN)
                         net (fo=0)                   0.000     0.000    CLK100MHZ
    R2                   IBUF (Prop_ibuf_I_O)         0.350     0.350 r  CLK100MHZ_IBUF_inst/O
                         net (fo=1, routed)           0.685     1.035    CLK100MHZ_IBUF
    BUFGCTRL_X0Y0        BUFG (Prop_bufg_I_O)         0.029     1.064 r  CLK100MHZ_IBUF_BUFG_inst/O
                         net (fo=13013, routed)       0.817     1.881    sender/transmitter_FIFO/U0/inst_fifo_gen/gconvfifo.rf/gbi.bi/g7ser_birst.rstbt/clk
    SLICE_X15Y75         FDPE                                         r  sender/transmitter_FIFO/U0/inst_fifo_gen/gconvfifo.rf/gbi.bi/g7ser_birst.rstbt/rsync.rcc.wr_rst_reg_reg/C
                         clock pessimism             -0.341     1.540    
    SLICE_X15Y75         FDPE (Remov_fdpe_C_PRE)     -0.149     1.391    sender/transmitter_FIFO/U0/inst_fifo_gen/gconvfifo.rf/gbi.bi/g7ser_birst.rstbt/rsync.rcc.wr_rst_reg_reg
  -------------------------------------------------------------------
                         required time                         -1.391    
                         arrival time                           1.841    
  -------------------------------------------------------------------
                         slack                                  0.449    





