Copyright 1986-2017 Xilinx, Inc. All Rights Reserved.
-----------------------------------------------------------------------------------------------------------------------------------
| Tool Version : Vivado v.2017.3 (win64) Build 2018833 Wed Oct  4 19:58:22 MDT 2017
| Date         : Sat Aug  8 21:47:40 2020
| Host         : CPO running 64-bit major release  (build 9200)
| Command      : report_timing_summary -file main_timing_summary_routed.rpt -warn_on_violation -rpx main_timing_summary_routed.rpx
| Design       : main
| Device       : 7s50-csga324
| Speed File   : -1  PRODUCTION 1.19 2017-08-24
-----------------------------------------------------------------------------------------------------------------------------------

Timing Summary Report

------------------------------------------------------------------------------------------------
| Timer Settings
| --------------
------------------------------------------------------------------------------------------------

  Enable Multi Corner Analysis               :  Yes
  Enable Pessimism Removal                   :  Yes
  Pessimism Removal Resolution               :  Nearest Common Node
  Enable Input Delay Default Clock           :  No
  Enable Preset / Clear Arcs                 :  No
  Disable Flight Delays                      :  No
  Ignore I/O Paths                           :  No
  Timing Early Launch at Borrowing Latches   :  false

  Corner  Analyze    Analyze    
  Name    Max Paths  Min Paths  
  ------  ---------  ---------  
  Slow    Yes        Yes        
  Fast    Yes        Yes        



check_timing report

Table of Contents
-----------------
1. checking no_clock
2. checking constant_clock
3. checking pulse_width_clock
4. checking unconstrained_internal_endpoints
5. checking no_input_delay
6. checking no_output_delay
7. checking multiple_clock
8. checking generated_clocks
9. checking loops
10. checking partial_input_delay
11. checking partial_output_delay
12. checking latch_loops

1. checking no_clock
--------------------
 There are 70 register/latch pins with no clock driven by root clock pin: DAC_slow_clock_reg[0]/Q (HIGH)

 There are 166 register/latch pins with no clock driven by root clock pin: DDS_slow_clock_reg[3]/Q (HIGH)


2. checking constant_clock
--------------------------
 There are 0 register/latch pins with constant_clock.


3. checking pulse_width_clock
-----------------------------
 There are 0 register/latch pins which need pulse_width check


4. checking unconstrained_internal_endpoints
--------------------------------------------
 There are 454 pins that are not constrained for maximum delay. (HIGH)

 There are 0 pins that are not constrained for maximum delay due to constant clock.


5. checking no_input_delay
--------------------------
 There is 1 input port with no input delay specified. (HIGH)

 There are 0 input ports with no input delay but user has a false path constraint.


6. checking no_output_delay
---------------------------
 There are 24 ports with no output delay specified. (HIGH)

 There are 0 ports with no output delay but user has a false path constraint

 There are 0 ports with no output delay but with a timing clock defined on it or propagating through it


7. checking multiple_clock
--------------------------
 There are 0 register/latch pins with multiple clocks.


8. checking generated_clocks
----------------------------
 There are 0 generated clocks that are not connected to a clock source.


9. checking loops
-----------------
 There are 0 combinational loops in the design.


10. checking partial_input_delay
--------------------------------
 There are 0 input ports with partial input delay specified.


11. checking partial_output_delay
---------------------------------
 There are 0 ports with partial output delay specified.


12. checking latch_loops
------------------------
 There are 0 combinational latch loops in the design through latch input



------------------------------------------------------------------------------------------------
| Design Timing Summary
| ---------------------
------------------------------------------------------------------------------------------------

    WNS(ns)      TNS(ns)  TNS Failing Endpoints  TNS Total Endpoints      WHS(ns)      THS(ns)  THS Failing Endpoints  THS Total Endpoints     WPWS(ns)     TPWS(ns)  TPWS Failing Endpoints  TPWS Total Endpoints  
    -------      -------  ---------------------  -------------------      -------      -------  ---------------------  -------------------     --------     --------  ----------------------  --------------------  
     -1.178       -3.644                      7                14237        0.035        0.000                      0                14237        0.000        0.000                       0                 11228  


Timing constraints are not met.


------------------------------------------------------------------------------------------------
| Clock Summary
| -------------
------------------------------------------------------------------------------------------------

Clock        Waveform(ns)       Period(ns)      Frequency(MHz)
-----        ------------       ----------      --------------
sys_clk_pin  {0.000 5.000}      10.000          100.000         


------------------------------------------------------------------------------------------------
| Intra Clock Table
| -----------------
------------------------------------------------------------------------------------------------

Clock             WNS(ns)      TNS(ns)  TNS Failing Endpoints  TNS Total Endpoints      WHS(ns)      THS(ns)  THS Failing Endpoints  THS Total Endpoints     WPWS(ns)     TPWS(ns)  TPWS Failing Endpoints  TPWS Total Endpoints  
-----             -------      -------  ---------------------  -------------------      -------      -------  ---------------------  -------------------     --------     --------  ----------------------  --------------------  
sys_clk_pin        -1.178       -3.644                      7                14236        0.035        0.000                      0                14236        0.000        0.000                       0                 11228  


------------------------------------------------------------------------------------------------
| Inter Clock Table
| -----------------
------------------------------------------------------------------------------------------------

From Clock    To Clock          WNS(ns)      TNS(ns)  TNS Failing Endpoints  TNS Total Endpoints      WHS(ns)      THS(ns)  THS Failing Endpoints  THS Total Endpoints  
----------    --------          -------      -------  ---------------------  -------------------      -------      -------  ---------------------  -------------------  


------------------------------------------------------------------------------------------------
| Other Path Groups Table
| -----------------------
------------------------------------------------------------------------------------------------

Path Group         From Clock         To Clock               WNS(ns)      TNS(ns)  TNS Failing Endpoints  TNS Total Endpoints      WHS(ns)      THS(ns)  THS Failing Endpoints  THS Total Endpoints  
----------         ----------         --------               -------      -------  ---------------------  -------------------      -------      -------  ---------------------  -------------------  
**async_default**  sys_clk_pin        sys_clk_pin              8.410        0.000                      0                    1        0.447        0.000                      0                    1  


------------------------------------------------------------------------------------------------
| Timing Details
| --------------
------------------------------------------------------------------------------------------------


---------------------------------------------------------------------------------------------------
From Clock:  sys_clk_pin
  To Clock:  sys_clk_pin

Setup :            7  Failing Endpoints,  Worst Slack       -1.178ns,  Total Violation       -3.644ns
Hold  :            0  Failing Endpoints,  Worst Slack        0.035ns,  Total Violation        0.000ns
PW    :            0  Failing Endpoints,  Worst Slack        0.000ns,  Total Violation        0.000ns
---------------------------------------------------------------------------------------------------


Max Delay Paths
--------------------------------------------------------------------------------------
Slack (VIOLATED) :        -1.178ns  (required time - arrival time)
  Source:                 device_DNA_inst/DNA_PORT_shift_reg/C
                            (falling edge-triggered cell FDRE clocked by sys_clk_pin  {rise@0.000ns fall@5.000ns period=10.000ns})
  Destination:            device_DNA_inst/DNA_PORT_inst/SHIFT
                            (rising edge-triggered cell DNA_PORT clocked by sys_clk_pin  {rise@0.000ns fall@5.000ns period=10.000ns})
  Path Group:             sys_clk_pin
  Path Type:              Setup (Max at Slow Process Corner)
  Requirement:            5.000ns  (sys_clk_pin rise@10.000ns - sys_clk_pin fall@5.000ns)
  Data Path Delay:        0.800ns  (logic 0.459ns (57.346%)  route 0.341ns (42.654%))
  Logic Levels:           0  
  Clock Path Skew:        0.014ns (DCD - SCD + CPR)
    Destination Clock Delay (DCD):    4.253ns = ( 14.253 - 10.000 ) 
    Source Clock Delay      (SCD):    4.483ns = ( 9.483 - 5.000 ) 
    Clock Pessimism Removal (CPR):    0.244ns
  Clock Uncertainty:      0.035ns  ((TSJ^2 + TIJ^2)^1/2 + DJ) / 2 + PE
    Total System Jitter     (TSJ):    0.071ns
    Total Input Jitter      (TIJ):    0.000ns
    Discrete Jitter          (DJ):    0.000ns
    Phase Error              (PE):    0.000ns

    Location             Delay type                Incr(ns)  Path(ns)    Netlist Resource(s)
  -------------------------------------------------------------------    -------------------
                         (clock sys_clk_pin fall edge)
                                                      5.000     5.000 f  
    R2                                                0.000     5.000 f  CLK100MHZ (IN)
                         net (fo=0)                   0.000     5.000    CLK100MHZ
    R2                   IBUF (Prop_ibuf_I_O)         0.854     5.854 f  CLK100MHZ_IBUF_inst/O
                         net (fo=1, routed)           1.967     7.821    CLK100MHZ_IBUF
    BUFGCTRL_X0Y0        BUFG (Prop_bufg_I_O)         0.096     7.917 f  CLK100MHZ_IBUF_BUFG_inst/O
                         net (fo=11227, routed)       1.566     9.483    device_DNA_inst/CLK100MHZ_IBUF_BUFG
    SLICE_X28Y45         FDRE                                         r  device_DNA_inst/DNA_PORT_shift_reg/C  (IS_INVERTED)
  -------------------------------------------------------------------    -------------------
    SLICE_X28Y45         FDRE (Prop_fdre_C_Q)         0.459     9.942 r  device_DNA_inst/DNA_PORT_shift_reg/Q
                         net (fo=2, routed)           0.341    10.284    device_DNA_inst/DNA_PORT_shift
    DNA_PORT_X0Y0        DNA_PORT                                     r  device_DNA_inst/DNA_PORT_inst/SHIFT
  -------------------------------------------------------------------    -------------------

                         (clock sys_clk_pin rise edge)
                                                     10.000    10.000 r  
    R2                                                0.000    10.000 r  CLK100MHZ (IN)
                         net (fo=0)                   0.000    10.000    CLK100MHZ
    R2                   IBUF (Prop_ibuf_I_O)         0.814    10.814 r  CLK100MHZ_IBUF_inst/O
                         net (fo=1, routed)           1.862    12.676    CLK100MHZ_IBUF
    BUFGCTRL_X0Y0        BUFG (Prop_bufg_I_O)         0.091    12.767 r  CLK100MHZ_IBUF_BUFG_inst/O
                         net (fo=11227, routed)       1.486    14.253    device_DNA_inst/CLK100MHZ_IBUF_BUFG
    DNA_PORT_X0Y0        DNA_PORT                                     r  device_DNA_inst/DNA_PORT_inst/CLK
                         clock pessimism              0.244    14.497    
                         clock uncertainty           -0.035    14.462    
    DNA_PORT_X0Y0        DNA_PORT (Setup_dna_port_CLK_SHIFT)
                                                     -5.356     9.106    device_DNA_inst/DNA_PORT_inst
  -------------------------------------------------------------------
                         required time                          9.106    
                         arrival time                         -10.284    
  -------------------------------------------------------------------
                         slack                                 -1.178    





Min Delay Paths
--------------------------------------------------------------------------------------
Slack (MET) :             0.035ns  (arrival time - required time)
  Source:                 TX_buffer2_reg[1933]/C
                            (rising edge-triggered cell FDRE clocked by sys_clk_pin  {rise@0.000ns fall@5.000ns period=10.000ns})
  Destination:            sender/TX_full_buffer2_reg[1973]/D
                            (rising edge-triggered cell FDRE clocked by sys_clk_pin  {rise@0.000ns fall@5.000ns period=10.000ns})
  Path Group:             sys_clk_pin
  Path Type:              Hold (Min at Fast Process Corner)
  Requirement:            0.000ns  (sys_clk_pin rise@0.000ns - sys_clk_pin rise@0.000ns)
  Data Path Delay:        0.393ns  (logic 0.209ns (53.176%)  route 0.184ns (46.824%))
  Logic Levels:           1  (LUT6=1)
  Clock Path Skew:        0.267ns (DCD - SCD - CPR)
    Destination Clock Delay (DCD):    1.894ns
    Source Clock Delay      (SCD):    1.540ns
    Clock Pessimism Removal (CPR):    0.087ns

    Location             Delay type                Incr(ns)  Path(ns)    Netlist Resource(s)
  -------------------------------------------------------------------    -------------------
                         (clock sys_clk_pin rise edge)
                                                      0.000     0.000 r  
    R2                                                0.000     0.000 r  CLK100MHZ (IN)
                         net (fo=0)                   0.000     0.000    CLK100MHZ
    R2                   IBUF (Prop_ibuf_I_O)         0.320     0.320 r  CLK100MHZ_IBUF_inst/O
                         net (fo=1, routed)           0.631     0.951    CLK100MHZ_IBUF
    BUFGCTRL_X0Y0        BUFG (Prop_bufg_I_O)         0.026     0.977 r  CLK100MHZ_IBUF_BUFG_inst/O
                         net (fo=11227, routed)       0.564     1.540    CLK100MHZ_IBUF_BUFG
    SLICE_X38Y49         FDRE                                         r  TX_buffer2_reg[1933]/C
  -------------------------------------------------------------------    -------------------
    SLICE_X38Y49         FDRE (Prop_fdre_C_Q)         0.164     1.704 r  TX_buffer2_reg[1933]/Q
                         net (fo=2, routed)           0.184     1.888    sender/TX_buffer2_reg[1933]
    SLICE_X39Y50         LUT6 (Prop_lut6_I0_O)        0.045     1.933 r  sender/TX_full_buffer2[1973]_i_1/O
                         net (fo=1, routed)           0.000     1.933    sender/TX_full_buffer2[1973]_i_1_n_0
    SLICE_X39Y50         FDRE                                         r  sender/TX_full_buffer2_reg[1973]/D
  -------------------------------------------------------------------    -------------------

                         (clock sys_clk_pin rise edge)
                                                      0.000     0.000 r  
    R2                                                0.000     0.000 r  CLK100MHZ (IN)
                         net (fo=0)                   0.000     0.000    CLK100MHZ
    R2                   IBUF (Prop_ibuf_I_O)         0.350     0.350 r  CLK100MHZ_IBUF_inst/O
                         net (fo=1, routed)           0.685     1.035    CLK100MHZ_IBUF
    BUFGCTRL_X0Y0        BUFG (Prop_bufg_I_O)         0.029     1.064 r  CLK100MHZ_IBUF_BUFG_inst/O
                         net (fo=11227, routed)       0.830     1.894    sender/CLK100MHZ_IBUF_BUFG
    SLICE_X39Y50         FDRE                                         r  sender/TX_full_buffer2_reg[1973]/C
                         clock pessimism             -0.087     1.807    
    SLICE_X39Y50         FDRE (Hold_fdre_C_D)         0.091     1.898    sender/TX_full_buffer2_reg[1973]
  -------------------------------------------------------------------
                         required time                         -1.898    
                         arrival time                           1.933    
  -------------------------------------------------------------------
                         slack                                  0.035    





Pulse Width Checks
--------------------------------------------------------------------------------------
Clock Name:         sys_clk_pin
Waveform(ns):       { 0.000 5.000 }
Period(ns):         10.000
Sources:            { CLK100MHZ }

Check Type        Corner  Lib Pin       Reference Pin  Required(ns)  Actual(ns)  Slack(ns)  Location       Pin
Min Period        n/a     DNA_PORT/CLK  n/a            10.000        10.000      0.000      DNA_PORT_X0Y0  device_DNA_inst/DNA_PORT_inst/CLK
Low Pulse Width   Fast    SRL16E/CLK    n/a            0.980         5.000       4.020      SLICE_X2Y33    sender/transmitter_FIFO/U0/inst_fifo_gen/gconvfifo.rf/gbi.bi/g7ser_birst.rstbt/rsync.rcc.wr_rst_fb_reg[1]_srl4/CLK
High Pulse Width  Slow    SRL16E/CLK    n/a            0.980         5.000       4.020      SLICE_X2Y33    sender/transmitter_FIFO/U0/inst_fifo_gen/gconvfifo.rf/gbi.bi/g7ser_birst.rstbt/rsync.rcc.wr_rst_fb_reg[1]_srl4/CLK



---------------------------------------------------------------------------------------------------
Path Group:  **async_default**
From Clock:  sys_clk_pin
  To Clock:  sys_clk_pin

Setup :            0  Failing Endpoints,  Worst Slack        8.410ns,  Total Violation        0.000ns
Hold  :            0  Failing Endpoints,  Worst Slack        0.447ns,  Total Violation        0.000ns
---------------------------------------------------------------------------------------------------


Max Delay Paths
--------------------------------------------------------------------------------------
Slack (MET) :             8.410ns  (required time - arrival time)
  Source:                 sender/transmitter_FIFO/U0/inst_fifo_gen/gconvfifo.rf/gbi.bi/g7ser_birst.rstbt/rsync.rcc.wr_rst_reg2_reg/C
                            (rising edge-triggered cell FDPE clocked by sys_clk_pin  {rise@0.000ns fall@5.000ns period=10.000ns})
  Destination:            sender/transmitter_FIFO/U0/inst_fifo_gen/gconvfifo.rf/gbi.bi/g7ser_birst.rstbt/rsync.rcc.wr_rst_reg_reg/PRE
                            (recovery check against rising-edge clock sys_clk_pin  {rise@0.000ns fall@5.000ns period=10.000ns})
  Path Group:             **async_default**
  Path Type:              Recovery (Max at Slow Process Corner)
  Requirement:            10.000ns  (sys_clk_pin rise@10.000ns - sys_clk_pin rise@0.000ns)
  Data Path Delay:        0.999ns  (logic 0.419ns (41.949%)  route 0.580ns (58.051%))
  Logic Levels:           0  
  Clock Path Skew:        -0.022ns (DCD - SCD + CPR)
    Destination Clock Delay (DCD):    4.280ns = ( 14.280 - 10.000 ) 
    Source Clock Delay      (SCD):    4.547ns
    Clock Pessimism Removal (CPR):    0.246ns
  Clock Uncertainty:      0.035ns  ((TSJ^2 + TIJ^2)^1/2 + DJ) / 2 + PE
    Total System Jitter     (TSJ):    0.071ns
    Total Input Jitter      (TIJ):    0.000ns
    Discrete Jitter          (DJ):    0.000ns
    Phase Error              (PE):    0.000ns

    Location             Delay type                Incr(ns)  Path(ns)    Netlist Resource(s)
  -------------------------------------------------------------------    -------------------
                         (clock sys_clk_pin rise edge)
                                                      0.000     0.000 r  
    R2                                                0.000     0.000 r  CLK100MHZ (IN)
                         net (fo=0)                   0.000     0.000    CLK100MHZ
    R2                   IBUF (Prop_ibuf_I_O)         0.854     0.854 r  CLK100MHZ_IBUF_inst/O
                         net (fo=1, routed)           1.967     2.821    CLK100MHZ_IBUF
    BUFGCTRL_X0Y0        BUFG (Prop_bufg_I_O)         0.096     2.917 r  CLK100MHZ_IBUF_BUFG_inst/O
                         net (fo=11227, routed)       1.630     4.547    sender/transmitter_FIFO/U0/inst_fifo_gen/gconvfifo.rf/gbi.bi/g7ser_birst.rstbt/clk
    SLICE_X0Y33          FDPE                                         r  sender/transmitter_FIFO/U0/inst_fifo_gen/gconvfifo.rf/gbi.bi/g7ser_birst.rstbt/rsync.rcc.wr_rst_reg2_reg/C
  -------------------------------------------------------------------    -------------------
    SLICE_X0Y33          FDPE (Prop_fdpe_C_Q)         0.419     4.966 f  sender/transmitter_FIFO/U0/inst_fifo_gen/gconvfifo.rf/gbi.bi/g7ser_birst.rstbt/rsync.rcc.wr_rst_reg2_reg/Q
                         net (fo=1, routed)           0.580     5.546    sender/transmitter_FIFO/U0/inst_fifo_gen/gconvfifo.rf/gbi.bi/g7ser_birst.rstbt/wr_rst_reg2
    SLICE_X1Y33          FDPE                                         f  sender/transmitter_FIFO/U0/inst_fifo_gen/gconvfifo.rf/gbi.bi/g7ser_birst.rstbt/rsync.rcc.wr_rst_reg_reg/PRE
  -------------------------------------------------------------------    -------------------

                         (clock sys_clk_pin rise edge)
                                                     10.000    10.000 r  
    R2                                                0.000    10.000 r  CLK100MHZ (IN)
                         net (fo=0)                   0.000    10.000    CLK100MHZ
    R2                   IBUF (Prop_ibuf_I_O)         0.814    10.814 r  CLK100MHZ_IBUF_inst/O
                         net (fo=1, routed)           1.862    12.676    CLK100MHZ_IBUF
    BUFGCTRL_X0Y0        BUFG (Prop_bufg_I_O)         0.091    12.767 r  CLK100MHZ_IBUF_BUFG_inst/O
                         net (fo=11227, routed)       1.512    14.280    sender/transmitter_FIFO/U0/inst_fifo_gen/gconvfifo.rf/gbi.bi/g7ser_birst.rstbt/clk
    SLICE_X1Y33          FDPE                                         r  sender/transmitter_FIFO/U0/inst_fifo_gen/gconvfifo.rf/gbi.bi/g7ser_birst.rstbt/rsync.rcc.wr_rst_reg_reg/C
                         clock pessimism              0.246    14.525    
                         clock uncertainty           -0.035    14.490    
    SLICE_X1Y33          FDPE (Recov_fdpe_C_PRE)     -0.534    13.956    sender/transmitter_FIFO/U0/inst_fifo_gen/gconvfifo.rf/gbi.bi/g7ser_birst.rstbt/rsync.rcc.wr_rst_reg_reg
  -------------------------------------------------------------------
                         required time                         13.956    
                         arrival time                          -5.546    
  -------------------------------------------------------------------
                         slack                                  8.410    





Min Delay Paths
--------------------------------------------------------------------------------------
Slack (MET) :             0.447ns  (arrival time - required time)
  Source:                 sender/transmitter_FIFO/U0/inst_fifo_gen/gconvfifo.rf/gbi.bi/g7ser_birst.rstbt/rsync.rcc.wr_rst_reg2_reg/C
                            (rising edge-triggered cell FDPE clocked by sys_clk_pin  {rise@0.000ns fall@5.000ns period=10.000ns})
  Destination:            sender/transmitter_FIFO/U0/inst_fifo_gen/gconvfifo.rf/gbi.bi/g7ser_birst.rstbt/rsync.rcc.wr_rst_reg_reg/PRE
                            (removal check against rising-edge clock sys_clk_pin  {rise@0.000ns fall@5.000ns period=10.000ns})
  Path Group:             **async_default**
  Path Type:              Removal (Min at Fast Process Corner)
  Requirement:            0.000ns  (sys_clk_pin rise@0.000ns - sys_clk_pin rise@0.000ns)
  Data Path Delay:        0.311ns  (logic 0.128ns (41.181%)  route 0.183ns (58.819%))
  Logic Levels:           0  
  Clock Path Skew:        0.013ns (DCD - SCD - CPR)
    Destination Clock Delay (DCD):    1.922ns
    Source Clock Delay      (SCD):    1.566ns
    Clock Pessimism Removal (CPR):    0.343ns

    Location             Delay type                Incr(ns)  Path(ns)    Netlist Resource(s)
  -------------------------------------------------------------------    -------------------
                         (clock sys_clk_pin rise edge)
                                                      0.000     0.000 r  
    R2                                                0.000     0.000 r  CLK100MHZ (IN)
                         net (fo=0)                   0.000     0.000    CLK100MHZ
    R2                   IBUF (Prop_ibuf_I_O)         0.320     0.320 r  CLK100MHZ_IBUF_inst/O
                         net (fo=1, routed)           0.631     0.951    CLK100MHZ_IBUF
    BUFGCTRL_X0Y0        BUFG (Prop_bufg_I_O)         0.026     0.977 r  CLK100MHZ_IBUF_BUFG_inst/O
                         net (fo=11227, routed)       0.590     1.566    sender/transmitter_FIFO/U0/inst_fifo_gen/gconvfifo.rf/gbi.bi/g7ser_birst.rstbt/clk
    SLICE_X0Y33          FDPE                                         r  sender/transmitter_FIFO/U0/inst_fifo_gen/gconvfifo.rf/gbi.bi/g7ser_birst.rstbt/rsync.rcc.wr_rst_reg2_reg/C
  -------------------------------------------------------------------    -------------------
    SLICE_X0Y33          FDPE (Prop_fdpe_C_Q)         0.128     1.694 f  sender/transmitter_FIFO/U0/inst_fifo_gen/gconvfifo.rf/gbi.bi/g7ser_birst.rstbt/rsync.rcc.wr_rst_reg2_reg/Q
                         net (fo=1, routed)           0.183     1.877    sender/transmitter_FIFO/U0/inst_fifo_gen/gconvfifo.rf/gbi.bi/g7ser_birst.rstbt/wr_rst_reg2
    SLICE_X1Y33          FDPE                                         f  sender/transmitter_FIFO/U0/inst_fifo_gen/gconvfifo.rf/gbi.bi/g7ser_birst.rstbt/rsync.rcc.wr_rst_reg_reg/PRE
  -------------------------------------------------------------------    -------------------

                         (clock sys_clk_pin rise edge)
                                                      0.000     0.000 r  
    R2                                                0.000     0.000 r  CLK100MHZ (IN)
                         net (fo=0)                   0.000     0.000    CLK100MHZ
    R2                   IBUF (Prop_ibuf_I_O)         0.350     0.350 r  CLK100MHZ_IBUF_inst/O
                         net (fo=1, routed)           0.685     1.035    CLK100MHZ_IBUF
    BUFGCTRL_X0Y0        BUFG (Prop_bufg_I_O)         0.029     1.064 r  CLK100MHZ_IBUF_BUFG_inst/O
                         net (fo=11227, routed)       0.859     1.922    sender/transmitter_FIFO/U0/inst_fifo_gen/gconvfifo.rf/gbi.bi/g7ser_birst.rstbt/clk
    SLICE_X1Y33          FDPE                                         r  sender/transmitter_FIFO/U0/inst_fifo_gen/gconvfifo.rf/gbi.bi/g7ser_birst.rstbt/rsync.rcc.wr_rst_reg_reg/C
                         clock pessimism             -0.343     1.579    
    SLICE_X1Y33          FDPE (Remov_fdpe_C_PRE)     -0.149     1.430    sender/transmitter_FIFO/U0/inst_fifo_gen/gconvfifo.rf/gbi.bi/g7ser_birst.rstbt/rsync.rcc.wr_rst_reg_reg
  -------------------------------------------------------------------
                         required time                         -1.430    
                         arrival time                           1.877    
  -------------------------------------------------------------------
                         slack                                  0.447    





