Copyright 1986-2017 Xilinx, Inc. All Rights Reserved.
------------------------------------------------------------------------------------
| Tool Version : Vivado v.2017.3 (win64) Build 2018833 Wed Oct  4 19:58:22 MDT 2017
| Date         : Fri May 18 23:08:56 2018
| Host         : IonTrap7 running 64-bit Service Pack 1  (build 7601)
| Command      : report_control_sets -file main_control_sets_placed.rpt
| Design       : main
| Device       : xc7s50
------------------------------------------------------------------------------------

Control Set Information

Table of Contents
-----------------
1. Summary
2. Flip-Flop Distribution

1. Summary
----------

+-------------------------------+-------+
|             Status            | Count |
+-------------------------------+-------+
| Number of unique control sets |    57 |
+-------------------------------+-------+


2. Flip-Flop Distribution
-------------------------

+--------------+-----------------------+------------------------+-----------------+--------------+
| Clock Enable | Synchronous Set/Reset | Asynchronous Set/Reset | Total Registers | Total Slices |
+--------------+-----------------------+------------------------+-----------------+--------------+
| No           | No                    | No                     |            8346 |         2689 |
| No           | No                    | Yes                    |               7 |            3 |
| No           | Yes                   | No                     |               6 |            2 |
| Yes          | No                    | No                     |            2882 |          585 |
| Yes          | No                    | Yes                    |               0 |            0 |
| Yes          | Yes                   | No                     |              98 |           36 |
+--------------+-----------------------+------------------------+-----------------+--------------+


