Copyright 1986-2017 Xilinx, Inc. All Rights Reserved.
-----------------------------------------------------------------------------------------------------------------------------------
| Tool Version : Vivado v.2017.3 (win64) Build 2018833 Wed Oct  4 19:58:22 MDT 2017
| Date         : Fri May 18 23:10:40 2018
| Host         : IonTrap7 running 64-bit Service Pack 1  (build 7601)
| Command      : report_timing_summary -file main_timing_summary_routed.rpt -warn_on_violation -rpx main_timing_summary_routed.rpx
| Design       : main
| Device       : 7s50-csga324
| Speed File   : -1  PRODUCTION 1.19 2017-08-24
-----------------------------------------------------------------------------------------------------------------------------------

Timing Summary Report

------------------------------------------------------------------------------------------------
| Timer Settings
| --------------
------------------------------------------------------------------------------------------------

  Enable Multi Corner Analysis               :  Yes
  Enable Pessimism Removal                   :  Yes
  Pessimism Removal Resolution               :  Nearest Common Node
  Enable Input Delay Default Clock           :  No
  Enable Preset / Clear Arcs                 :  No
  Disable Flight Delays                      :  No
  Ignore I/O Paths                           :  No
  Timing Early Launch at Borrowing Latches   :  false

  Corner  Analyze    Analyze    
  Name    Max Paths  Min Paths  
  ------  ---------  ---------  
  Slow    Yes        Yes        
  Fast    Yes        Yes        



check_timing report

Table of Contents
-----------------
1. checking no_clock
2. checking constant_clock
3. checking pulse_width_clock
4. checking unconstrained_internal_endpoints
5. checking no_input_delay
6. checking no_output_delay
7. checking multiple_clock
8. checking generated_clocks
9. checking loops
10. checking partial_input_delay
11. checking partial_output_delay
12. checking latch_loops

1. checking no_clock
--------------------
 There are 70 register/latch pins with no clock driven by root clock pin: DAC_slow_clock_reg[0]/Q (HIGH)

 There are 150 register/latch pins with no clock driven by root clock pin: DDS_slow_clock_reg[3]/Q (HIGH)


2. checking constant_clock
--------------------------
 There are 0 register/latch pins with constant_clock.


3. checking pulse_width_clock
-----------------------------
 There are 0 register/latch pins which need pulse_width check


4. checking unconstrained_internal_endpoints
--------------------------------------------
 There are 422 pins that are not constrained for maximum delay. (HIGH)

 There are 0 pins that are not constrained for maximum delay due to constant clock.


5. checking no_input_delay
--------------------------
 There is 1 input port with no input delay specified. (HIGH)

 There are 0 input ports with no input delay but user has a false path constraint.


6. checking no_output_delay
---------------------------
 There are 23 ports with no output delay specified. (HIGH)

 There are 0 ports with no output delay but user has a false path constraint

 There are 0 ports with no output delay but with a timing clock defined on it or propagating through it


7. checking multiple_clock
--------------------------
 There are 0 register/latch pins with multiple clocks.


8. checking generated_clocks
----------------------------
 There are 0 generated clocks that are not connected to a clock source.


9. checking loops
-----------------
 There are 0 combinational loops in the design.


10. checking partial_input_delay
--------------------------------
 There are 0 input ports with partial input delay specified.


11. checking partial_output_delay
---------------------------------
 There are 0 ports with partial output delay specified.


12. checking latch_loops
------------------------
 There are 0 combinational latch loops in the design through latch input



------------------------------------------------------------------------------------------------
| Design Timing Summary
| ---------------------
------------------------------------------------------------------------------------------------

    WNS(ns)      TNS(ns)  TNS Failing Endpoints  TNS Total Endpoints      WHS(ns)      THS(ns)  THS Failing Endpoints  THS Total Endpoints     WPWS(ns)     TPWS(ns)  TPWS Failing Endpoints  TPWS Total Endpoints  
    -------      -------  ---------------------  -------------------      -------      -------  ---------------------  -------------------     --------     --------  ----------------------  --------------------  
      0.705        0.000                      0                14004        0.015        0.000                      0                14004        4.020        0.000                       0                 11125  


All user specified timing constraints are met.


------------------------------------------------------------------------------------------------
| Clock Summary
| -------------
------------------------------------------------------------------------------------------------

Clock        Waveform(ns)       Period(ns)      Frequency(MHz)
-----        ------------       ----------      --------------
sys_clk_pin  {0.000 5.000}      10.000          100.000         


------------------------------------------------------------------------------------------------
| Intra Clock Table
| -----------------
------------------------------------------------------------------------------------------------

Clock             WNS(ns)      TNS(ns)  TNS Failing Endpoints  TNS Total Endpoints      WHS(ns)      THS(ns)  THS Failing Endpoints  THS Total Endpoints     WPWS(ns)     TPWS(ns)  TPWS Failing Endpoints  TPWS Total Endpoints  
-----             -------      -------  ---------------------  -------------------      -------      -------  ---------------------  -------------------     --------     --------  ----------------------  --------------------  
sys_clk_pin         0.705        0.000                      0                14003        0.015        0.000                      0                14003        4.020        0.000                       0                 11125  


------------------------------------------------------------------------------------------------
| Inter Clock Table
| -----------------
------------------------------------------------------------------------------------------------

From Clock    To Clock          WNS(ns)      TNS(ns)  TNS Failing Endpoints  TNS Total Endpoints      WHS(ns)      THS(ns)  THS Failing Endpoints  THS Total Endpoints  
----------    --------          -------      -------  ---------------------  -------------------      -------      -------  ---------------------  -------------------  


------------------------------------------------------------------------------------------------
| Other Path Groups Table
| -----------------------
------------------------------------------------------------------------------------------------

Path Group         From Clock         To Clock               WNS(ns)      TNS(ns)  TNS Failing Endpoints  TNS Total Endpoints      WHS(ns)      THS(ns)  THS Failing Endpoints  THS Total Endpoints  
----------         ----------         --------               -------      -------  ---------------------  -------------------      -------      -------  ---------------------  -------------------  
**async_default**  sys_clk_pin        sys_clk_pin              8.153        0.000                      0                    1        0.586        0.000                      0                    1  


------------------------------------------------------------------------------------------------
| Timing Details
| --------------
------------------------------------------------------------------------------------------------


---------------------------------------------------------------------------------------------------
From Clock:  sys_clk_pin
  To Clock:  sys_clk_pin

Setup :            0  Failing Endpoints,  Worst Slack        0.705ns,  Total Violation        0.000ns
Hold  :            0  Failing Endpoints,  Worst Slack        0.015ns,  Total Violation        0.000ns
PW    :            0  Failing Endpoints,  Worst Slack        4.020ns,  Total Violation        0.000ns
---------------------------------------------------------------------------------------------------


Max Delay Paths
--------------------------------------------------------------------------------------
Slack (MET) :             0.705ns  (required time - arrival time)
  Source:                 sender/FSM_onehot_main_state_reg[7]/C
                            (rising edge-triggered cell FDRE clocked by sys_clk_pin  {rise@0.000ns fall@5.000ns period=10.000ns})
  Destination:            sender/TX_full_buffer2_reg[1294]/D
                            (rising edge-triggered cell FDRE clocked by sys_clk_pin  {rise@0.000ns fall@5.000ns period=10.000ns})
  Path Group:             sys_clk_pin
  Path Type:              Setup (Max at Slow Process Corner)
  Requirement:            10.000ns  (sys_clk_pin rise@10.000ns - sys_clk_pin rise@0.000ns)
  Data Path Delay:        9.195ns  (logic 0.704ns (7.656%)  route 8.491ns (92.344%))
  Logic Levels:           2  (LUT6=2)
  Clock Path Skew:        -0.097ns (DCD - SCD + CPR)
    Destination Clock Delay (DCD):    4.287ns = ( 14.287 - 10.000 ) 
    Source Clock Delay      (SCD):    4.533ns
    Clock Pessimism Removal (CPR):    0.150ns
  Clock Uncertainty:      0.035ns  ((TSJ^2 + TIJ^2)^1/2 + DJ) / 2 + PE
    Total System Jitter     (TSJ):    0.071ns
    Total Input Jitter      (TIJ):    0.000ns
    Discrete Jitter          (DJ):    0.000ns
    Phase Error              (PE):    0.000ns

    Location             Delay type                Incr(ns)  Path(ns)    Netlist Resource(s)
  -------------------------------------------------------------------    -------------------
                         (clock sys_clk_pin rise edge)
                                                      0.000     0.000 r  
    R2                                                0.000     0.000 r  CLK100MHZ (IN)
                         net (fo=0)                   0.000     0.000    CLK100MHZ
    R2                   IBUF (Prop_ibuf_I_O)         0.854     0.854 r  CLK100MHZ_IBUF_inst/O
                         net (fo=1, routed)           1.967     2.821    CLK100MHZ_IBUF
    BUFGCTRL_X0Y0        BUFG (Prop_bufg_I_O)         0.096     2.917 r  CLK100MHZ_IBUF_BUFG_inst/O
                         net (fo=11124, routed)       1.616     4.533    sender/CLK100MHZ_IBUF_BUFG
    SLICE_X4Y65          FDRE                                         r  sender/FSM_onehot_main_state_reg[7]/C
  -------------------------------------------------------------------    -------------------
    SLICE_X4Y65          FDRE (Prop_fdre_C_Q)         0.456     4.989 r  sender/FSM_onehot_main_state_reg[7]/Q
                         net (fo=4199, routed)        8.140    13.129    sender/FSM_onehot_main_state_reg_n_0_[7]
    SLICE_X59Y1          LUT6 (Prop_lut6_I0_O)        0.124    13.253 r  sender/TX_full_buffer2[1294]_i_2/O
                         net (fo=1, routed)           0.351    13.604    sender/p_3_out[794]
    SLICE_X58Y1          LUT6 (Prop_lut6_I4_O)        0.124    13.728 r  sender/TX_full_buffer2[1294]_i_1/O
                         net (fo=1, routed)           0.000    13.728    sender/TX_full_buffer2[1294]_i_1_n_0
    SLICE_X58Y1          FDRE                                         r  sender/TX_full_buffer2_reg[1294]/D
  -------------------------------------------------------------------    -------------------

                         (clock sys_clk_pin rise edge)
                                                     10.000    10.000 r  
    R2                                                0.000    10.000 r  CLK100MHZ (IN)
                         net (fo=0)                   0.000    10.000    CLK100MHZ
    R2                   IBUF (Prop_ibuf_I_O)         0.814    10.814 r  CLK100MHZ_IBUF_inst/O
                         net (fo=1, routed)           1.862    12.676    CLK100MHZ_IBUF
    BUFGCTRL_X0Y0        BUFG (Prop_bufg_I_O)         0.091    12.767 r  CLK100MHZ_IBUF_BUFG_inst/O
                         net (fo=11124, routed)       1.519    14.287    sender/CLK100MHZ_IBUF_BUFG
    SLICE_X58Y1          FDRE                                         r  sender/TX_full_buffer2_reg[1294]/C
                         clock pessimism              0.150    14.436    
                         clock uncertainty           -0.035    14.401    
    SLICE_X58Y1          FDRE (Setup_fdre_C_D)        0.032    14.433    sender/TX_full_buffer2_reg[1294]
  -------------------------------------------------------------------
                         required time                         14.433    
                         arrival time                         -13.728    
  -------------------------------------------------------------------
                         slack                                  0.705    





Min Delay Paths
--------------------------------------------------------------------------------------
Slack (MET) :             0.015ns  (arrival time - required time)
  Source:                 sender/TX_full_buffer2_reg[556]/C
                            (rising edge-triggered cell FDRE clocked by sys_clk_pin  {rise@0.000ns fall@5.000ns period=10.000ns})
  Destination:            sender/TX_full_buffer2_reg[548]/D
                            (rising edge-triggered cell FDRE clocked by sys_clk_pin  {rise@0.000ns fall@5.000ns period=10.000ns})
  Path Group:             sys_clk_pin
  Path Type:              Hold (Min at Fast Process Corner)
  Requirement:            0.000ns  (sys_clk_pin rise@0.000ns - sys_clk_pin rise@0.000ns)
  Data Path Delay:        0.378ns  (logic 0.186ns (49.143%)  route 0.192ns (50.857%))
  Logic Levels:           1  (LUT6=1)
  Clock Path Skew:        0.272ns (DCD - SCD - CPR)
    Destination Clock Delay (DCD):    1.900ns
    Source Clock Delay      (SCD):    1.541ns
    Clock Pessimism Removal (CPR):    0.087ns

    Location             Delay type                Incr(ns)  Path(ns)    Netlist Resource(s)
  -------------------------------------------------------------------    -------------------
                         (clock sys_clk_pin rise edge)
                                                      0.000     0.000 r  
    R2                                                0.000     0.000 r  CLK100MHZ (IN)
                         net (fo=0)                   0.000     0.000    CLK100MHZ
    R2                   IBUF (Prop_ibuf_I_O)         0.320     0.320 r  CLK100MHZ_IBUF_inst/O
                         net (fo=1, routed)           0.631     0.951    CLK100MHZ_IBUF
    BUFGCTRL_X0Y0        BUFG (Prop_bufg_I_O)         0.026     0.977 r  CLK100MHZ_IBUF_BUFG_inst/O
                         net (fo=11124, routed)       0.565     1.541    sender/CLK100MHZ_IBUF_BUFG
    SLICE_X49Y50         FDRE                                         r  sender/TX_full_buffer2_reg[556]/C
  -------------------------------------------------------------------    -------------------
    SLICE_X49Y50         FDRE (Prop_fdre_C_Q)         0.141     1.682 r  sender/TX_full_buffer2_reg[556]/Q
                         net (fo=2, routed)           0.192     1.875    sender/TX_full_buffer2_reg_n_0_[556]
    SLICE_X48Y49         LUT6 (Prop_lut6_I2_O)        0.045     1.920 r  sender/TX_full_buffer2[548]_i_1/O
                         net (fo=1, routed)           0.000     1.920    sender/TX_full_buffer2[548]_i_1_n_0
    SLICE_X48Y49         FDRE                                         r  sender/TX_full_buffer2_reg[548]/D
  -------------------------------------------------------------------    -------------------

                         (clock sys_clk_pin rise edge)
                                                      0.000     0.000 r  
    R2                                                0.000     0.000 r  CLK100MHZ (IN)
                         net (fo=0)                   0.000     0.000    CLK100MHZ
    R2                   IBUF (Prop_ibuf_I_O)         0.350     0.350 r  CLK100MHZ_IBUF_inst/O
                         net (fo=1, routed)           0.685     1.035    CLK100MHZ_IBUF
    BUFGCTRL_X0Y0        BUFG (Prop_bufg_I_O)         0.029     1.064 r  CLK100MHZ_IBUF_BUFG_inst/O
                         net (fo=11124, routed)       0.837     1.900    sender/CLK100MHZ_IBUF_BUFG
    SLICE_X48Y49         FDRE                                         r  sender/TX_full_buffer2_reg[548]/C
                         clock pessimism             -0.087     1.813    
    SLICE_X48Y49         FDRE (Hold_fdre_C_D)         0.092     1.905    sender/TX_full_buffer2_reg[548]
  -------------------------------------------------------------------
                         required time                         -1.905    
                         arrival time                           1.920    
  -------------------------------------------------------------------
                         slack                                  0.015    





Pulse Width Checks
--------------------------------------------------------------------------------------
Clock Name:         sys_clk_pin
Waveform(ns):       { 0.000 5.000 }
Period(ns):         10.000
Sources:            { CLK100MHZ }

Check Type        Corner  Lib Pin         Reference Pin  Required(ns)  Actual(ns)  Slack(ns)  Location      Pin
Min Period        n/a     FIFO36E1/RDCLK  n/a            2.576         10.000      7.424      RAMB36_X0Y11  sender/transmitter_FIFO/U0/inst_fifo_gen/gconvfifo.rf/gbi.bi/v7_bi_fifo.fblk/gextw[1].gnll_fifo.inst_extd/gonep.inst_prim/gf36e1_inst.sngfifo36e1/RDCLK
Low Pulse Width   Slow    SRL16E/CLK      n/a            0.980         5.000       4.020      SLICE_X8Y62   sender/transmitter_FIFO/U0/inst_fifo_gen/gconvfifo.rf/gbi.bi/g7ser_birst.rstbt/rsync.rcc.wr_rst_fb_reg[1]_srl4/CLK
High Pulse Width  Slow    SRL16E/CLK      n/a            0.980         5.000       4.020      SLICE_X8Y62   sender/transmitter_FIFO/U0/inst_fifo_gen/gconvfifo.rf/gbi.bi/g7ser_birst.rstbt/rsync.rcc.wr_rst_fb_reg[1]_srl4/CLK



---------------------------------------------------------------------------------------------------
Path Group:  **async_default**
From Clock:  sys_clk_pin
  To Clock:  sys_clk_pin

Setup :            0  Failing Endpoints,  Worst Slack        8.153ns,  Total Violation        0.000ns
Hold  :            0  Failing Endpoints,  Worst Slack        0.586ns,  Total Violation        0.000ns
---------------------------------------------------------------------------------------------------


Max Delay Paths
--------------------------------------------------------------------------------------
Slack (MET) :             8.153ns  (required time - arrival time)
  Source:                 sender/transmitter_FIFO/U0/inst_fifo_gen/gconvfifo.rf/gbi.bi/g7ser_birst.rstbt/rsync.rcc.wr_rst_reg2_reg/C
                            (rising edge-triggered cell FDPE clocked by sys_clk_pin  {rise@0.000ns fall@5.000ns period=10.000ns})
  Destination:            sender/transmitter_FIFO/U0/inst_fifo_gen/gconvfifo.rf/gbi.bi/g7ser_birst.rstbt/rsync.rcc.wr_rst_reg_reg/PRE
                            (recovery check against rising-edge clock sys_clk_pin  {rise@0.000ns fall@5.000ns period=10.000ns})
  Path Group:             **async_default**
  Path Type:              Recovery (Max at Slow Process Corner)
  Requirement:            10.000ns  (sys_clk_pin rise@10.000ns - sys_clk_pin rise@0.000ns)
  Data Path Delay:        1.170ns  (logic 0.419ns (35.826%)  route 0.751ns (64.174%))
  Logic Levels:           0  
  Clock Path Skew:        -0.108ns (DCD - SCD + CPR)
    Destination Clock Delay (DCD):    4.202ns = ( 14.202 - 10.000 ) 
    Source Clock Delay      (SCD):    4.538ns
    Clock Pessimism Removal (CPR):    0.228ns
  Clock Uncertainty:      0.035ns  ((TSJ^2 + TIJ^2)^1/2 + DJ) / 2 + PE
    Total System Jitter     (TSJ):    0.071ns
    Total Input Jitter      (TIJ):    0.000ns
    Discrete Jitter          (DJ):    0.000ns
    Phase Error              (PE):    0.000ns

    Location             Delay type                Incr(ns)  Path(ns)    Netlist Resource(s)
  -------------------------------------------------------------------    -------------------
                         (clock sys_clk_pin rise edge)
                                                      0.000     0.000 r  
    R2                                                0.000     0.000 r  CLK100MHZ (IN)
                         net (fo=0)                   0.000     0.000    CLK100MHZ
    R2                   IBUF (Prop_ibuf_I_O)         0.854     0.854 r  CLK100MHZ_IBUF_inst/O
                         net (fo=1, routed)           1.967     2.821    CLK100MHZ_IBUF
    BUFGCTRL_X0Y0        BUFG (Prop_bufg_I_O)         0.096     2.917 r  CLK100MHZ_IBUF_BUFG_inst/O
                         net (fo=11124, routed)       1.621     4.538    sender/transmitter_FIFO/U0/inst_fifo_gen/gconvfifo.rf/gbi.bi/g7ser_birst.rstbt/clk
    SLICE_X0Y63          FDPE                                         r  sender/transmitter_FIFO/U0/inst_fifo_gen/gconvfifo.rf/gbi.bi/g7ser_birst.rstbt/rsync.rcc.wr_rst_reg2_reg/C
  -------------------------------------------------------------------    -------------------
    SLICE_X0Y63          FDPE (Prop_fdpe_C_Q)         0.419     4.957 f  sender/transmitter_FIFO/U0/inst_fifo_gen/gconvfifo.rf/gbi.bi/g7ser_birst.rstbt/rsync.rcc.wr_rst_reg2_reg/Q
                         net (fo=1, routed)           0.751     5.707    sender/transmitter_FIFO/U0/inst_fifo_gen/gconvfifo.rf/gbi.bi/g7ser_birst.rstbt/wr_rst_reg2
    SLICE_X9Y63          FDPE                                         f  sender/transmitter_FIFO/U0/inst_fifo_gen/gconvfifo.rf/gbi.bi/g7ser_birst.rstbt/rsync.rcc.wr_rst_reg_reg/PRE
  -------------------------------------------------------------------    -------------------

                         (clock sys_clk_pin rise edge)
                                                     10.000    10.000 r  
    R2                                                0.000    10.000 r  CLK100MHZ (IN)
                         net (fo=0)                   0.000    10.000    CLK100MHZ
    R2                   IBUF (Prop_ibuf_I_O)         0.814    10.814 r  CLK100MHZ_IBUF_inst/O
                         net (fo=1, routed)           1.862    12.676    CLK100MHZ_IBUF
    BUFGCTRL_X0Y0        BUFG (Prop_bufg_I_O)         0.091    12.767 r  CLK100MHZ_IBUF_BUFG_inst/O
                         net (fo=11124, routed)       1.435    14.202    sender/transmitter_FIFO/U0/inst_fifo_gen/gconvfifo.rf/gbi.bi/g7ser_birst.rstbt/clk
    SLICE_X9Y63          FDPE                                         r  sender/transmitter_FIFO/U0/inst_fifo_gen/gconvfifo.rf/gbi.bi/g7ser_birst.rstbt/rsync.rcc.wr_rst_reg_reg/C
                         clock pessimism              0.228    14.430    
                         clock uncertainty           -0.035    14.395    
    SLICE_X9Y63          FDPE (Recov_fdpe_C_PRE)     -0.534    13.861    sender/transmitter_FIFO/U0/inst_fifo_gen/gconvfifo.rf/gbi.bi/g7ser_birst.rstbt/rsync.rcc.wr_rst_reg_reg
  -------------------------------------------------------------------
                         required time                         13.861    
                         arrival time                          -5.707    
  -------------------------------------------------------------------
                         slack                                  8.153    





Min Delay Paths
--------------------------------------------------------------------------------------
Slack (MET) :             0.586ns  (arrival time - required time)
  Source:                 sender/transmitter_FIFO/U0/inst_fifo_gen/gconvfifo.rf/gbi.bi/g7ser_birst.rstbt/rsync.rcc.wr_rst_reg2_reg/C
                            (rising edge-triggered cell FDPE clocked by sys_clk_pin  {rise@0.000ns fall@5.000ns period=10.000ns})
  Destination:            sender/transmitter_FIFO/U0/inst_fifo_gen/gconvfifo.rf/gbi.bi/g7ser_birst.rstbt/rsync.rcc.wr_rst_reg_reg/PRE
                            (removal check against rising-edge clock sys_clk_pin  {rise@0.000ns fall@5.000ns period=10.000ns})
  Path Group:             **async_default**
  Path Type:              Removal (Min at Fast Process Corner)
  Requirement:            0.000ns  (sys_clk_pin rise@0.000ns - sys_clk_pin rise@0.000ns)
  Data Path Delay:        0.443ns  (logic 0.128ns (28.924%)  route 0.315ns (71.076%))
  Logic Levels:           0  
  Clock Path Skew:        0.006ns (DCD - SCD - CPR)
    Destination Clock Delay (DCD):    1.892ns
    Source Clock Delay      (SCD):    1.565ns
    Clock Pessimism Removal (CPR):    0.321ns

    Location             Delay type                Incr(ns)  Path(ns)    Netlist Resource(s)
  -------------------------------------------------------------------    -------------------
                         (clock sys_clk_pin rise edge)
                                                      0.000     0.000 r  
    R2                                                0.000     0.000 r  CLK100MHZ (IN)
                         net (fo=0)                   0.000     0.000    CLK100MHZ
    R2                   IBUF (Prop_ibuf_I_O)         0.320     0.320 r  CLK100MHZ_IBUF_inst/O
                         net (fo=1, routed)           0.631     0.951    CLK100MHZ_IBUF
    BUFGCTRL_X0Y0        BUFG (Prop_bufg_I_O)         0.026     0.977 r  CLK100MHZ_IBUF_BUFG_inst/O
                         net (fo=11124, routed)       0.589     1.565    sender/transmitter_FIFO/U0/inst_fifo_gen/gconvfifo.rf/gbi.bi/g7ser_birst.rstbt/clk
    SLICE_X0Y63          FDPE                                         r  sender/transmitter_FIFO/U0/inst_fifo_gen/gconvfifo.rf/gbi.bi/g7ser_birst.rstbt/rsync.rcc.wr_rst_reg2_reg/C
  -------------------------------------------------------------------    -------------------
    SLICE_X0Y63          FDPE (Prop_fdpe_C_Q)         0.128     1.693 f  sender/transmitter_FIFO/U0/inst_fifo_gen/gconvfifo.rf/gbi.bi/g7ser_birst.rstbt/rsync.rcc.wr_rst_reg2_reg/Q
                         net (fo=1, routed)           0.315     2.008    sender/transmitter_FIFO/U0/inst_fifo_gen/gconvfifo.rf/gbi.bi/g7ser_birst.rstbt/wr_rst_reg2
    SLICE_X9Y63          FDPE                                         f  sender/transmitter_FIFO/U0/inst_fifo_gen/gconvfifo.rf/gbi.bi/g7ser_birst.rstbt/rsync.rcc.wr_rst_reg_reg/PRE
  -------------------------------------------------------------------    -------------------

                         (clock sys_clk_pin rise edge)
                                                      0.000     0.000 r  
    R2                                                0.000     0.000 r  CLK100MHZ (IN)
                         net (fo=0)                   0.000     0.000    CLK100MHZ
    R2                   IBUF (Prop_ibuf_I_O)         0.350     0.350 r  CLK100MHZ_IBUF_inst/O
                         net (fo=1, routed)           0.685     1.035    CLK100MHZ_IBUF
    BUFGCTRL_X0Y0        BUFG (Prop_bufg_I_O)         0.029     1.064 r  CLK100MHZ_IBUF_BUFG_inst/O
                         net (fo=11124, routed)       0.828     1.892    sender/transmitter_FIFO/U0/inst_fifo_gen/gconvfifo.rf/gbi.bi/g7ser_birst.rstbt/clk
    SLICE_X9Y63          FDPE                                         r  sender/transmitter_FIFO/U0/inst_fifo_gen/gconvfifo.rf/gbi.bi/g7ser_birst.rstbt/rsync.rcc.wr_rst_reg_reg/C
                         clock pessimism             -0.321     1.571    
    SLICE_X9Y63          FDPE (Remov_fdpe_C_PRE)     -0.149     1.422    sender/transmitter_FIFO/U0/inst_fifo_gen/gconvfifo.rf/gbi.bi/g7ser_birst.rstbt/rsync.rcc.wr_rst_reg_reg
  -------------------------------------------------------------------
                         required time                         -1.422    
                         arrival time                           2.008    
  -------------------------------------------------------------------
                         slack                                  0.586    





