#-----------------------------------------------------------
# Vivado v2017.3 (64-bit)
# SW Build 2018833 on Wed Oct  4 19:58:22 MDT 2017
# IP Build 2016188 on Wed Oct  4 21:52:56 MDT 2017
# Start of session at: Wed Jun 10 13:41:54 2020
# Process ID: 27308
# Current directory: Q:/Users/thkim/Arty_S7/AD9912_DAC8734/v1_01
# Command line: vivado.exe -gui_launcher_event rodinguilauncherevent16796 Q:\Users\thkim\Arty_S7\AD9912_DAC8734\v1_01\v1_01.xpr
# Log file: Q:/Users/thkim/Arty_S7/AD9912_DAC8734/v1_01/vivado.log
# Journal file: Q:/Users/thkim/Arty_S7/AD9912_DAC8734/v1_01\vivado.jou
#-----------------------------------------------------------
start_gui
open_project Q:/Users/thkim/Arty_S7/AD9912_DAC8734/v1_01/v1_01.xpr
INFO: [Project 1-313] Project file moved from 'O:/Users/thkim/Arty_S7/AD9912_DAC8734/v1_01' since last save.
Scanning sources...
Finished scanning sources
INFO: [IP_Flow 19-234] Refreshing IP repositories
INFO: [IP_Flow 19-1704] No user IP repositories specified
INFO: [IP_Flow 19-2313] Loaded Vivado IP repository 'E:/Xilinx/Vivado/2017.3/data/ip'.
open_project: Time (s): cpu = 00:00:14 ; elapsed = 00:00:11 . Memory (MB): peak = 841.031 ; gain = 126.477
exit
INFO: [Common 17-206] Exiting Vivado at Wed Jun 10 14:10:17 2020...
