INFO: [VRFC 10-2263] Analyzing Verilog file "D:/GIT/AD9910_CODE/Verilog17/AD9910/AD9910.srcs/sources_1/ip/fifo_generator_0/sim/fifo_generator_0.v" into library xil_defaultlib
INFO: [VRFC 10-311] analyzing module fifo_generator_0
INFO: [VRFC 10-2263] Analyzing Verilog file "D:/GIT/AD9910_CODE/Verilog17/AD9910/AD9910.srcs/sources_1/new/ascii2hex.v" into library xil_defaultlib
INFO: [VRFC 10-311] analyzing module ascii2hex
INFO: [VRFC 10-2263] Analyzing Verilog file "D:/GIT/AD9910_CODE/Verilog17/AD9910/AD9910.srcs/sources_1/new/async_receiver.v" into library xil_defaultlib
INFO: [VRFC 10-311] analyzing module async_receiver
INFO: [VRFC 10-2263] Analyzing Verilog file "D:/GIT/AD9910_CODE/Verilog17/AD9910/AD9910.srcs/sources_1/new/async_transmitter.v" into library xil_defaultlib
INFO: [VRFC 10-311] analyzing module async_transmitter
INFO: [VRFC 10-2263] Analyzing Verilog file "D:/GIT/AD9910_CODE/Verilog17/AD9910/AD9910.srcs/sources_1/new/data_receiver_v1_00.v" into library xil_defaultlib
INFO: [VRFC 10-311] analyzing module data_receiver
INFO: [VRFC 10-2263] Analyzing Verilog file "D:/GIT/AD9910_CODE/Verilog17/AD9910/AD9910.srcs/sources_1/new/hex2ascii.v" into library xil_defaultlib
INFO: [VRFC 10-311] analyzing module hex2ascii
INFO: [VRFC 10-2263] Analyzing Verilog file "D:/GIT/AD9910_CODE/Verilog17/AD9910/AD9910.srcs/sources_1/new/led_intensity_adjust.v" into library xil_defaultlib
INFO: [VRFC 10-311] analyzing module led_intensity_adjust
INFO: [VRFC 10-2263] Analyzing SystemVerilog file "D:/GIT/AD9910_CODE/Verilog17/AD9910/AD9910.srcs/sources_1/new/data_sender_v1_01.sv" into library xil_defaultlib
INFO: [VRFC 10-311] analyzing module data_sender
INFO: [VRFC 10-2263] Analyzing SystemVerilog file "D:/GIT/AD9910_CODE/Verilog17/AD9910/AD9910.srcs/sources_1/new/AD9912_DAC8734_main.sv" into library xil_defaultlib
INFO: [VRFC 10-311] analyzing module main
INFO: [VRFC 10-2263] Analyzing Verilog file "D:/GIT/AD9910_CODE/Verilog17/AD9910/AD9910.srcs/sources_1/imports/new/device_DNA.v" into library xil_defaultlib
INFO: [VRFC 10-311] analyzing module device_DNA
INFO: [VRFC 10-2263] Analyzing SystemVerilog file "D:/GIT/AD9910_CODE/Verilog17/AD9910/AD9910.srcs/sources_1/new/spi_fsm_module.sv" into library xil_defaultlib
INFO: [VRFC 10-311] analyzing module spi_fsm_module
INFO: [VRFC 10-2263] Analyzing SystemVerilog file "D:/GIT/AD9910_CODE/Verilog17/AD9910/AD9910.srcs/sources_1/new/shift_register_out.sv" into library xil_defaultlib
INFO: [VRFC 10-311] analyzing module shift_register_out
INFO: [VRFC 10-2263] Analyzing SystemVerilog file "D:/GIT/AD9910_CODE/Verilog17/AD9910/AD9910.srcs/sources_1/new/shift_register_in.sv" into library xil_defaultlib
INFO: [VRFC 10-311] analyzing module shift_register_in
INFO: [VRFC 10-2263] Analyzing SystemVerilog file "D:/GIT/AD9910_CODE/Verilog17/AD9910/AD9910.srcs/sources_1/new/clock_divider.sv" into library xil_defaultlib
INFO: [VRFC 10-311] analyzing module clock_divider
INFO: [VRFC 10-2263] Analyzing Verilog file "D:/GIT/AD9910_CODE/Verilog17/AD9910/AD9910.srcs/sources_1/ip/fifo_generator_1/sim/fifo_generator_1.v" into library xil_defaultlib
INFO: [VRFC 10-311] analyzing module fifo_generator_1
INFO: [VRFC 10-2263] Analyzing SystemVerilog file "D:/GIT/AD9910_CODE/Verilog17/AD9910/AD9910.srcs/sources_1/new/rto_core_prime.sv" into library xil_defaultlib
INFO: [VRFC 10-311] analyzing module rto_core_prime
INFO: [VRFC 10-2263] Analyzing SystemVerilog file "D:/GIT/AD9910_CODE/Verilog17/AD9910/AD9910.srcs/sources_1/new/gpo_core_prime.sv" into library xil_defaultlib
INFO: [VRFC 10-311] analyzing module gpo_core_prime
INFO: [VRFC 10-2263] Analyzing SystemVerilog file "D:/GIT/AD9910_CODE/Verilog17/AD9910/AD9910.srcs/sources_1/new/timestamp_counter.sv" into library xil_defaultlib
INFO: [VRFC 10-311] analyzing module timestamp_counter
INFO: [VRFC 10-2263] Analyzing SystemVerilog file "D:/GIT/AD9910_CODE/Verilog17/AD9910/AD9910.srcs/sources_1/new/gpi_core_prime.sv" into library xil_defaultlib
INFO: [VRFC 10-311] analyzing module gpi_core_prime
INFO: [VRFC 10-2263] Analyzing SystemVerilog file "D:/GIT/AD9910_CODE/Verilog17/AD9910/AD9910.srcs/sources_1/new/rti_core_prime.sv" into library xil_defaultlib
INFO: [VRFC 10-311] analyzing module rti_core_prime
INFO: [VRFC 10-2263] Analyzing SystemVerilog file "D:/GIT/AD9910_CODE/Verilog17/AD9910/AD9910.srcs/sources_1/new/AD9910_driver.sv" into library xil_defaultlib
INFO: [VRFC 10-311] analyzing module AD9910_driver
INFO: [VRFC 10-2263] Analyzing SystemVerilog file "D:/GIT/AD9910_CODE/Verilog17/AD9910/AD9910.srcs/sources_1/new/single_output_port.sv" into library xil_defaultlib
INFO: [VRFC 10-311] analyzing module single_output_port
INFO: [VRFC 10-2263] Analyzing SystemVerilog file "D:/GIT/AD9910_CODE/Verilog17/AD9910/AD9910.srcs/sources_1/new/spi_multiple_single_output.sv" into library xil_defaultlib
INFO: [VRFC 10-311] analyzing module spi_multiple_single_output
INFO: [VRFC 10-2263] Analyzing SystemVerilog file "D:/GIT/AD9910_CODE/Verilog17/AD9910/AD9910.srcs/sim_1/new/testbench_main.sv" into library xil_defaultlib
INFO: [VRFC 10-311] analyzing module testbench_main
INFO: [VRFC 10-2263] Analyzing SystemVerilog file "D:/GIT/AD9910_CODE/Verilog17/AD9910/AD9910.srcs/sim_1/new/testbench_spi_fsm.sv" into library xil_defaultlib
INFO: [VRFC 10-311] analyzing module testbench_spi_fsm
INFO: [VRFC 10-2263] Analyzing SystemVerilog file "D:/GIT/AD9910_CODE/Verilog17/AD9910/AD9910.srcs/sim_1/new/new_testbench_gpo_core.sv" into library xil_defaultlib
INFO: [VRFC 10-311] analyzing module new_testbench_gpo_core
INFO: [VRFC 10-2263] Analyzing SystemVerilog file "D:/GIT/AD9910_CODE/Verilog17/AD9910/AD9910.srcs/sim_1/new/new_testbench_fifo_generator.sv" into library xil_defaultlib
INFO: [VRFC 10-311] analyzing module new_testbench_fifo_generator
INFO: [VRFC 10-2263] Analyzing SystemVerilog file "D:/GIT/AD9910_CODE/Verilog17/AD9910/AD9910.srcs/sim_1/new/testbench_rto_core_prime.sv" into library xil_defaultlib
INFO: [VRFC 10-311] analyzing module testbench_rto_core_prime
INFO: [VRFC 10-2263] Analyzing SystemVerilog file "D:/GIT/AD9910_CODE/Verilog17/AD9910/AD9910.srcs/sim_1/new/testbench_gpi_core.sv" into library xil_defaultlib
INFO: [VRFC 10-311] analyzing module testbench_gpi_core
INFO: [VRFC 10-2263] Analyzing SystemVerilog file "D:/GIT/AD9910_CODE/Verilog17/AD9910/AD9910.srcs/sim_1/new/testbench_rti_core_prime.sv" into library xil_defaultlib
INFO: [VRFC 10-311] analyzing module testbench_rti_core_prime
INFO: [VRFC 10-2263] Analyzing SystemVerilog file "D:/GIT/AD9910_CODE/Verilog17/AD9910/AD9910.srcs/sim_1/new/testbench_ad9910_driver.sv" into library xil_defaultlib
INFO: [VRFC 10-311] analyzing module testbench_ad9910_driver
INFO: [VRFC 10-2263] Analyzing SystemVerilog file "D:/GIT/AD9910_CODE/Verilog17/AD9910/AD9910.srcs/sim_1/new/testbench_ad9910_override.sv" into library xil_defaultlib
INFO: [VRFC 10-311] analyzing module testbench_ad9910_override
INFO: [VRFC 10-2263] Analyzing SystemVerilog file "D:/GIT/AD9910_CODE/Verilog17/AD9910/AD9910.srcs/sim_1/new/testbench_main2.sv" into library xil_defaultlib
INFO: [VRFC 10-311] analyzing module testbench_main2
INFO: [VRFC 10-2263] Analyzing SystemVerilog file "D:/GIT/AD9910_CODE/Verilog17/AD9910/AD9910.srcs/sim_1/new/testbench_main1.sv" into library xil_defaultlib
INFO: [VRFC 10-311] analyzing module testbench_main1
INFO: [VRFC 10-2263] Analyzing SystemVerilog file "D:/GIT/AD9910_CODE/Verilog17/AD9910/AD9910.srcs/sim_1/new/testbench_main3.sv" into library xil_defaultlib
INFO: [VRFC 10-311] analyzing module testbench_main3
INFO: [VRFC 10-2263] Analyzing SystemVerilog file "D:/GIT/AD9910_CODE/Verilog17/AD9910/AD9910.srcs/sim_1/new/testbench_main4.sv" into library xil_defaultlib
INFO: [VRFC 10-311] analyzing module testbench_main4
INFO: [VRFC 10-2263] Analyzing SystemVerilog file "D:/GIT/AD9910_CODE/Verilog17/AD9910/AD9910.srcs/sim_1/new/testbench_main5.sv" into library xil_defaultlib
INFO: [VRFC 10-311] analyzing module testbench_main5
INFO: [VRFC 10-2263] Analyzing Verilog file "D:/GIT/AD9910_CODE/Verilog17/AD9910/AD9910.sim/sim_1/behav/xsim/glbl.v" into library xil_defaultlib
INFO: [VRFC 10-311] analyzing module glbl
