# do {new_testbench_fifo_generator_compile.do}
# ** Warning: (vlib-34) Library already exists at "questa_lib/work".
# 
# ** Warning: (vlib-34) Library already exists at "questa_lib/msim".
# 
# ** Warning: (vlib-34) Library already exists at "questa_lib/msim/xil_defaultlib".
# 
# ** Warning: (vlib-34) Library already exists at "questa_lib/msim/xpm".
# 
# ** Warning: (vlib-34) Library already exists at "questa_lib/msim/fifo_generator_v13_2_0".
# 
# Model Technology ModelSim PE vmap 10.4a Lib Mapping Utility 2015.03 Apr  7 2015
# vmap -modelsim_quiet xil_defaultlib questa_lib/msim/xil_defaultlib 
# Modifying modelsim.ini
# Model Technology ModelSim PE vmap 10.4a Lib Mapping Utility 2015.03 Apr  7 2015
# vmap -modelsim_quiet xpm questa_lib/msim/xpm 
# Modifying modelsim.ini
# Model Technology ModelSim PE vmap 10.4a Lib Mapping Utility 2015.03 Apr  7 2015
# vmap -modelsim_quiet fifo_generator_v13_2_0 questa_lib/msim/fifo_generator_v13_2_0 
# Modifying modelsim.ini
# ** Warning: (vlog-159) Mode option -64 is not supported in this context and will be ignored.
# 
# Model Technology ModelSim PE Student Edition vlog 10.4a Compiler 2015.03 Apr  7 2015
# Start time: 15:56:18 on Aug 19,2020
# vlog -64 -incr -sv -L xil_defaultlib -work xil_defaultlib "+incdir+C:/Xilinx/Vivado/2017.3/data/xilinx_vip/include" C:/Xilinx/Vivado/2017.3/data/ip/xpm/xpm_cdc/hdl/xpm_cdc.sv C:/Xilinx/Vivado/2017.3/data/ip/xpm/xpm_memory/hdl/xpm_memory.sv 
# -- Skipping module xpm_cdc_single
# -- Skipping module xpm_cdc_gray
# -- Skipping module xpm_cdc_handshake
# -- Skipping module xpm_cdc_pulse
# -- Skipping module xpm_cdc_array_single
# -- Skipping module xpm_cdc_sync_rst
# -- Skipping module xpm_cdc_async_rst
# -- Skipping module xpm_memory_base
# -- Skipping module asym_bwe_bb
# -- Skipping module xpm_memory_dpdistram
# -- Skipping module xpm_memory_dprom
# -- Skipping module xpm_memory_sdpram
# -- Skipping module xpm_memory_spram
# -- Skipping module xpm_memory_sprom
# -- Skipping module xpm_memory_tdpram
# 
# Top level modules:
# 	xpm_cdc_gray
# 	xpm_cdc_handshake
# 	xpm_cdc_pulse
# 	xpm_cdc_array_single
# 	xpm_cdc_sync_rst
# 	xpm_cdc_async_rst
# 	xpm_memory_dpdistram
# 	xpm_memory_dprom
# 	xpm_memory_sdpram
# 	xpm_memory_spram
# 	xpm_memory_sprom
# 	xpm_memory_tdpram
# End time: 15:56:18 on Aug 19,2020, Elapsed time: 0:00:00
# Errors: 0, Warnings: 1
# ** Warning: (vcom-159) Mode option -64 is not supported in this context and will be ignored.
# 
# Model Technology ModelSim PE Student Edition vcom 10.4a Compiler 2015.03 Apr  7 2015
# Start time: 15:56:18 on Aug 19,2020
# vcom -64 -93 -work xpm C:/Xilinx/Vivado/2017.3/data/ip/xpm/xpm_VCOMP.vhd 
# -- Loading package STANDARD
# -- Loading package TEXTIO
# -- Loading package std_logic_1164
# -- Compiling package VCOMPONENTS
# End time: 15:56:18 on Aug 19,2020, Elapsed time: 0:00:00
# Errors: 0, Warnings: 1
# ** Warning: (vlog-159) Mode option -64 is not supported in this context and will be ignored.
# 
# Model Technology ModelSim PE Student Edition vlog 10.4a Compiler 2015.03 Apr  7 2015
# Start time: 15:56:18 on Aug 19,2020
# vlog -64 -incr -work fifo_generator_v13_2_0 "+incdir+C:/Xilinx/Vivado/2017.3/data/xilinx_vip/include" ../../../../AD9910.ip_user_files/ipstatic/simulation/fifo_generator_vlog_beh.v 
# -- Skipping module fifo_generator_vlog_beh
# -- Skipping module fifo_generator_v13_2_0_CONV_VER
# -- Skipping module fifo_generator_v13_2_0_sync_stage
# -- Skipping module fifo_generator_v13_2_0_bhv_ver_as
# -- Skipping module fifo_generator_v13_2_0_beh_ver_ll_afifo
# -- Skipping module fifo_generator_v13_2_0_bhv_ver_ss
# -- Skipping module fifo_generator_v13_2_0_bhv_ver_preload0
# -- Skipping module fifo_generator_v13_2_0_axic_reg_slice
# 
# Top level modules:
# 	fifo_generator_vlog_beh
# End time: 15:56:18 on Aug 19,2020, Elapsed time: 0:00:00
# Errors: 0, Warnings: 1
# ** Warning: (vcom-159) Mode option -64 is not supported in this context and will be ignored.
# 
# Model Technology ModelSim PE Student Edition vcom 10.4a Compiler 2015.03 Apr  7 2015
# Start time: 15:56:18 on Aug 19,2020
# vcom -64 -93 -work fifo_generator_v13_2_0 ../../../../AD9910.ip_user_files/ipstatic/hdl/fifo_generator_v13_2_rfs.vhd 
# -- Loading package STANDARD
# ** Error: ../../../../AD9910.ip_user_files/ipstatic/hdl/fifo_generator_v13_2_rfs.vhd(61): near "AES128-CBC": Unknown session key in protected region
# ** Error: ../../../../AD9910.ip_user_files/ipstatic/hdl/fifo_generator_v13_2_rfs.vhd(62): VHDL Compiler exiting
# End time: 15:56:19 on Aug 19,2020, Elapsed time: 0:00:01
# Errors: 2, Warnings: 1
# ** Error: C:/Modeltech_pe_edu_10.4a/win32pe_edu/vcom failed.
# Error in macro ./new_testbench_fifo_generator_compile.do line 32
# C:/Modeltech_pe_edu_10.4a/win32pe_edu/vcom failed.
#     while executing
# "vcom -64 -93 -work fifo_generator_v13_2_0  \
# "../../../../AD9910.ip_user_files/ipstatic/hdl/fifo_generator_v13_2_rfs.vhd" \
# "
