Copyright 1986-2017 Xilinx, Inc. All Rights Reserved.
----------------------------------------------------------------------------------------------------------------------------------
| Tool Version     : Vivado v.2017.3 (win64) Build 2018833 Wed Oct  4 19:58:22 MDT 2017
| Date             : Tue Aug 25 22:38:14 2020
| Host             : DESKTOP-DKK2GQK running 64-bit major release  (build 9200)
| Command          : report_power -file main_power_routed.rpt -pb main_power_summary_routed.pb -rpx main_power_routed.rpx
| Design           : main
| Device           : xc7s50csga324-1
| Design State     : routed
| Grade            : commercial
| Process          : typical
| Characterization : Production
----------------------------------------------------------------------------------------------------------------------------------

Power Report

Table of Contents
-----------------
1. Summary
1.1 On-Chip Components
1.2 Power Supply Summary
1.3 Confidence Level
2. Settings
2.1 Environment
2.2 Clock Constraints
3. Detailed Reports
3.1 By Hierarchy

1. Summary
----------

+--------------------------+--------------+
| Total On-Chip Power (W)  | 0.174        |
| Design Power Budget (W)  | Unspecified* |
| Power Budget Margin (W)  | NA           |
| Dynamic (W)              | 0.102        |
| Device Static (W)        | 0.072        |
| Effective TJA (C/W)      | 4.9          |
| Max Ambient (C)          | 84.1         |
| Junction Temperature (C) | 25.9         |
| Confidence Level         | Medium       |
| Setting File             | ---          |
| Simulation Activity File | ---          |
| Design Nets Matched      | NA           |
+--------------------------+--------------+
* Specify Design Power Budget using, set_operating_conditions -design_power_budget <value in Watts>


1.1 On-Chip Components
----------------------

+-------------------------+-----------+----------+-----------+-----------------+
| On-Chip                 | Power (W) | Used     | Available | Utilization (%) |
+-------------------------+-----------+----------+-----------+-----------------+
| Clocks                  |     0.054 |        3 |       --- |             --- |
| Slice Logic             |     0.017 |    26365 |       --- |             --- |
|   LUT as Logic          |     0.017 |    14169 |     32600 |           43.46 |
|   Register              |    <0.001 |    11893 |     65200 |           18.24 |
|   CARRY4                |    <0.001 |      191 |      8150 |            2.34 |
|   Others                |     0.000 |       53 |       --- |             --- |
|   LUT as Shift Register |     0.000 |        3 |      9600 |            0.03 |
| Signals                 |     0.016 |    17031 |       --- |             --- |
| Block RAM               |     0.012 |        6 |        75 |            8.00 |
| I/O                     |     0.002 |       51 |       210 |           24.29 |
| Static Power            |     0.072 |          |           |                 |
| Total                   |     0.174 |          |           |                 |
+-------------------------+-----------+----------+-----------+-----------------+


1.2 Power Supply Summary
------------------------

+-----------+-------------+-----------+-------------+------------+
| Source    | Voltage (V) | Total (A) | Dynamic (A) | Static (A) |
+-----------+-------------+-----------+-------------+------------+
| Vccint    |       1.000 |     0.109 |       0.099 |      0.010 |
| Vccaux    |       1.800 |     0.013 |       0.000 |      0.013 |
| Vcco33    |       3.300 |     0.002 |       0.001 |      0.001 |
| Vcco25    |       2.500 |     0.000 |       0.000 |      0.000 |
| Vcco18    |       1.800 |     0.000 |       0.000 |      0.000 |
| Vcco15    |       1.500 |     0.000 |       0.000 |      0.000 |
| Vcco135   |       1.350 |     0.000 |       0.000 |      0.000 |
| Vcco12    |       1.200 |     0.000 |       0.000 |      0.000 |
| Vccaux_io |       1.800 |     0.000 |       0.000 |      0.000 |
| Vccbram   |       1.000 |     0.001 |       0.001 |      0.000 |
| Vccadc    |       1.800 |     0.020 |       0.000 |      0.020 |
+-----------+-------------+-----------+-------------+------------+


1.3 Confidence Level
--------------------

+-----------------------------+------------+-------------------------------------------------------+------------------------------------------------------------------------------------------------------------+
| User Input Data             | Confidence | Details                                               | Action                                                                                                     |
+-----------------------------+------------+-------------------------------------------------------+------------------------------------------------------------------------------------------------------------+
| Design implementation state | High       | Design is routed                                      |                                                                                                            |
| Clock nodes activity        | High       | User specified more than 95% of clocks                |                                                                                                            |
| I/O nodes activity          | Medium     | More than 5% of inputs are missing user specification | Provide missing input activity with simulation results or by editing the "By Resource Type -> I/Os" view   |
| Internal nodes activity     | Medium     | User specified less than 25% of internal nodes        | Provide missing internal nodes activity with simulation results or by editing the "By Resource Type" views |
| Device models               | High       | Device models are Production                          |                                                                                                            |
|                             |            |                                                       |                                                                                                            |
| Overall confidence level    | Medium     |                                                       |                                                                                                            |
+-----------------------------+------------+-------------------------------------------------------+------------------------------------------------------------------------------------------------------------+


2. Settings
-----------

2.1 Environment
---------------

+-----------------------+--------------------------+
| Ambient Temp (C)      | 25.0                     |
| ThetaJA (C/W)         | 4.9                      |
| Airflow (LFM)         | 250                      |
| Heat Sink             | medium (Medium Profile)  |
| ThetaSA (C/W)         | 4.6                      |
| Board Selection       | medium (10"x10")         |
| # of Board Layers     | 12to15 (12 to 15 Layers) |
| Board Temperature (C) | 25.0                     |
+-----------------------+--------------------------+


2.2 Clock Constraints
---------------------

+-------------+-----------+-----------------+
| Clock       | Domain    | Constraint (ns) |
+-------------+-----------+-----------------+
| sys_clk_pin | CLK100MHZ |            10.0 |
+-------------+-----------+-----------------+


3. Detailed Reports
-------------------

3.1 By Hierarchy
----------------

+------------------------------------------------+-----------+
| Name                                           | Power (W) |
+------------------------------------------------+-----------+
| main                                           |     0.102 |
|   AD9910_driver_0                              |     0.011 |
|     gpi_core_prime_0                           |    <0.001 |
|     gpo_core_prime_0                           |    <0.001 |
|     io_update_port                             |    <0.001 |
|     parallel_port_1                            |    <0.001 |
|     profile_port                               |    <0.001 |
|     rti_core_prime_0                           |     0.005 |
|       rti_core_FIFO                            |     0.005 |
|         U0                                     |     0.005 |
|           inst_fifo_gen                        |     0.005 |
|             gconvfifo.rf                       |     0.005 |
|               gbi.bi                           |     0.005 |
|                 g7ser_birst.rstbt              |    <0.001 |
|                 v7_bi_fifo.fblk                |     0.005 |
|                   gextw[1].gnll_fifo.inst_extd |     0.003 |
|                     gonep.inst_prim            |     0.003 |
|                   gextw[2].gnll_fifo.inst_extd |     0.002 |
|                     gonep.inst_prim            |     0.002 |
|     rto_core_prime_0                           |     0.003 |
|       rto_core_FIFO                            |     0.003 |
|         U0                                     |     0.003 |
|           inst_fifo_gen                        |     0.003 |
|             gconvfifo.rf                       |     0.003 |
|               gbi.bi                           |     0.003 |
|                 g7ser_birst.rstbt              |    <0.001 |
|                 v7_bi_fifo.fblk                |     0.003 |
|                   gextw[1].gnll_fifo.inst_extd |     0.001 |
|                     gonep.inst_prim            |     0.001 |
|                   gextw[2].gnll_fifo.inst_extd |     0.001 |
|                     gonep.inst_prim            |     0.001 |
|     spi_fsm_module_0                           |     0.001 |
|       clock_divider_0                          |    <0.001 |
|       shift_register_in_0                      |    <0.001 |
|       shift_register_out_0                     |    <0.001 |
|     spi_multiple_single_output_0               |    <0.001 |
|       IOBUF_ios[0].IOBUF_io                    |    <0.001 |
|       IOBUF_ios[1].IOBUF_io                    |    <0.001 |
|   device_DNA_inst                              |    <0.001 |
|   led_intensity_modulator                      |    <0.001 |
|   receiver                                     |     0.034 |
|     RXUSB                                      |    <0.001 |
|   sender                                       |     0.021 |
|     TXUSB                                      |    <0.001 |
|     transmitter_FIFO                           |     0.005 |
|       U0                                       |     0.005 |
|         inst_fifo_gen                          |     0.005 |
|           gconvfifo.rf                         |     0.005 |
|             gbi.bi                             |     0.005 |
|               g7ser_birst.rstbt                |    <0.001 |
|               v7_bi_fifo.fblk                  |     0.005 |
|                 gextw[1].gnll_fifo.inst_extd   |     0.002 |
|                   gonep.inst_prim              |     0.002 |
|                 gextw[2].gnll_fifo.inst_extd   |     0.002 |
|                   gonep.inst_prim              |     0.002 |
|   timestamp_counter_0                          |     0.002 |
+------------------------------------------------+-----------+


